17:18:03 **** Incremental Build of configuration Nios II for project pacemaker ****
make all 
Info: Building ../pacemaker_bsp
C:/intelFPGA/16.1/nios2eds/bin/gnu/H-x86_64-mingw32/bin/make --no-print-directory -C ../pacemaker_bsp
[BSP build complete]
Info: Compiling main.c to obj/default/main.o
nios2-elf-gcc -xc -MP -MMD -c -I../pacemaker_bsp/HAL/inc -I../pacemaker_bsp -I../pacemaker_bsp/drivers/inc  -pipe -D__hal__ -DALT_NO_INSTRUCTION_EMULATION -DALT_SINGLE_THREADED    -O0 -g -Wall   -mno-hw-div -mhw-mul -mno-hw-mulx -mgpopt=global  -o obj/default/main.o main.c
main.c: In function 'SET_output':
main.c:109:9: warning: passing argument 1 of 'write' makes integer from pointer without a cast [-Wint-conversion]
   write(uart,charA,2);
         ^
In file included from c:\intelfpga\16.1\nios2eds\bin\gnu\h-x86_64-mingw32\nios2-elf\include\stdio.h:29:0,
                 from main.h:11,
                 from main.c:6:
c:\intelfpga\16.1\nios2eds\bin\gnu\h-x86_64-mingw32\nios2-elf\include\sys\unistd.h:197:25: note: expected 'int' but argument is of type 'FILE * {aka struct __sFILE *}'
 _READ_WRITE_RETURN_TYPE _EXFUN(write, (int __fd, const void *__buf, size_t __nbyte ));
                         ^
main.c:118:9: warning: passing argument 1 of 'write' makes integer from pointer without a cast [-Wint-conversion]
   write(uart,charV,2);
         ^
In file included from c:\intelfpga\16.1\nios2eds\bin\gnu\h-x86_64-mingw32\nios2-elf\include\stdio.h:29:0,
                 from main.h:11,
                 from main.c:6:
c:\intelfpga\16.1\nios2eds\bin\gnu\h-x86_64-mingw32\nios2-elf\include\sys\unistd.h:197:25: note: expected 'int' but argument is of type 'FILE * {aka struct __sFILE *}'
 _READ_WRITE_RETURN_TYPE _EXFUN(write, (int __fd, const void *__buf, size_t __nbyte ));
                         ^
main.c: In function 'main':
main.c:155:2: warning: implicit declaration of function 'alt_irq_register' [-Wimplicit-function-declaration]
  alt_irq_register(BUTTONS_IRQ, context, button_interrupt);
  ^
main.c:158:7: warning: assignment makes pointer from integer without a cast [-Wint-conversion]
  uart = open(UART_NAME,(O_NONBLOCK | O_RDWR));
       ^
main.c:183:8: warning: passing argument 1 of 'close' makes integer from pointer without a cast [-Wint-conversion]
  close(uart);
        ^
In file included from c:\intelfpga\16.1\nios2eds\bin\gnu\h-x86_64-mingw32\nios2-elf\include\stdio.h:29:0,
                 from main.h:11,
                 from main.c:6:
c:\intelfpga\16.1\nios2eds\bin\gnu\h-x86_64-mingw32\nios2-elf\include\sys\unistd.h:30:9: note: expected 'int' but argument is of type 'FILE * {aka struct __sFILE *}'
 int     _EXFUN(close, (int __fildes ));
         ^
Info: Compiling pacemakersc.c to obj/default/pacemakersc.o
nios2-elf-gcc -xc -MP -MMD -c -I../pacemaker_bsp/HAL/inc -I../pacemaker_bsp -I../pacemaker_bsp/drivers/inc  -pipe -D__hal__ -DALT_NO_INSTRUCTION_EMULATION -DALT_SINGLE_THREADED    -O0 -g -Wall   -mno-hw-div -mhw-mul -mno-hw-mulx -mgpopt=global  -o obj/default/pacemakersc.o pacemakersc.c
pacemakersc.c:2:1: warning: "/*" within comment [-Wcomment]
 /*****************************************************************************/
 ^
Info: Compiling timers.c to obj/default/timers.o
nios2-elf-gcc -xc -MP -MMD -c -I../pacemaker_bsp/HAL/inc -I../pacemaker_bsp -I../pacemaker_bsp/drivers/inc  -pipe -D__hal__ -DALT_NO_INSTRUCTION_EMULATION -DALT_SINGLE_THREADED    -O0 -g -Wall   -mno-hw-div -mhw-mul -mno-hw-mulx -mgpopt=global  -o obj/default/timers.o timers.c
Info: Compiling uart.c to obj/default/uart.o
nios2-elf-gcc -xc -MP -MMD -c -I../pacemaker_bsp/HAL/inc -I../pacemaker_bsp -I../pacemaker_bsp/drivers/inc  -pipe -D__hal__ -DALT_NO_INSTRUCTION_EMULATION -DALT_SINGLE_THREADED    -O0 -g -Wall   -mno-hw-div -mhw-mul -mno-hw-mulx -mgpopt=global  -o obj/default/uart.o uart.c
uart.c: In function 'checkuart':
uart.c:11:6: warning: implicit declaration of function 'read' [-Wimplicit-function-declaration]
  if (read(uart,byte,1) > 0){
      ^
Info: Linking pacemaker.elf
nios2-elf-g++  -T'../pacemaker_bsp/linker.x' -msys-crt0='../pacemaker_bsp/obj/HAL/src/crt0.o' -msys-lib=hal_bsp -L../pacemaker_bsp   -Wl,-Map=pacemaker.map   -O0 -g -Wall   -mno-hw-div -mhw-mul -mno-hw-mulx -mgpopt=global  -o pacemaker.elf obj/default/main.o obj/default/pacemakersc.o obj/default/timers.o obj/default/uart.o -lm -msys-lib=m
nios2-elf-insert pacemaker.elf --thread_model hal --cpu_name cpu --qsys true --simulation_enabled false --id 308784078 --sidp 0x0 --timestamp 1502336826 --stderr_dev jtag_uart --stdin_dev jtag_uart --stdout_dev jtag_uart --sopc_system_name nios2_system --quartus_project_dir "D:/pacemaker" --sopcinfo D:/pacemaker/nios_workspace/pacemaker_bsp/../../nios2_system.sopcinfo
Info: (pacemaker.elf) 49 KBytes program size (code + initialized data).
Info:                 8135 KBytes free for stack + heap.
Info: Creating pacemaker.objdump
nios2-elf-objdump --disassemble --syms --all-header --source pacemaker.elf >pacemaker.objdump
[pacemaker build complete]
17:18:18 **** Build of configuration Nios II for project pacemaker ****
make all 
Info: Building ../pacemaker_bsp
C:/intelFPGA/16.1/nios2eds/bin/gnu/H-x86_64-mingw32/bin/make --no-print-directory -C ../pacemaker_bsp
[BSP build complete]
[pacemaker build complete]
17:18:20 **** Incremental Build of configuration Nios II for project pacemaker ****
make all 
Info: Building ../pacemaker_bsp
C:/intelFPGA/16.1/nios2eds/bin/gnu/H-x86_64-mingw32/bin/make --no-print-directory -C ../pacemaker_bsp
[BSP build complete]
[pacemaker build complete]
17:19:59 **** Build of configuration Nios II for project pacemaker ****
make all 
Info: Building ../pacemaker_bsp
C:/intelFPGA/16.1/nios2eds/bin/gnu/H-x86_64-mingw32/bin/make --no-print-directory -C ../pacemaker_bsp
[BSP build complete]
Info: Compiling main.c to obj/default/main.o
nios2-elf-gcc -xc -MP -MMD -c -I../pacemaker_bsp/HAL/inc -I../pacemaker_bsp -I../pacemaker_bsp/drivers/inc  -pipe -D__hal__ -DALT_NO_INSTRUCTION_EMULATION -DALT_SINGLE_THREADED    -O0 -g -Wall   -mno-hw-div -mhw-mul -mno-hw-mulx -mgpopt=global  -o obj/default/main.o main.c
main.c: In function 'SET_output':
main.c:109:9: warning: passing argument 1 of 'write' makes integer from pointer without a cast [-Wint-conversion]
   write(uart,charA,2);
         ^
In file included from c:\intelfpga\16.1\nios2eds\bin\gnu\h-x86_64-mingw32\nios2-elf\include\stdio.h:29:0,
                 from main.h:11,
                 from main.c:6:
c:\intelfpga\16.1\nios2eds\bin\gnu\h-x86_64-mingw32\nios2-elf\include\sys\unistd.h:197:25: note: expected 'int' but argument is of type 'FILE * {aka struct __sFILE *}'
 _READ_WRITE_RETURN_TYPE _EXFUN(write, (int __fd, const void *__buf, size_t __nbyte ));
                         ^
main.c:118:9: warning: passing argument 1 of 'write' makes integer from pointer without a cast [-Wint-conversion]
   write(uart,charV,2);
         ^
In file included from c:\intelfpga\16.1\nios2eds\bin\gnu\h-x86_64-mingw32\nios2-elf\include\stdio.h:29:0,
                 from main.h:11,
                 from main.c:6:
c:\intelfpga\16.1\nios2eds\bin\gnu\h-x86_64-mingw32\nios2-elf\include\sys\unistd.h:197:25: note: expected 'int' but argument is of type 'FILE * {aka struct __sFILE *}'
 _READ_WRITE_RETURN_TYPE _EXFUN(write, (int __fd, const void *__buf, size_t __nbyte ));
                         ^
main.c: In function 'main':
main.c:155:2: warning: implicit declaration of function 'alt_irq_register' [-Wimplicit-function-declaration]
  alt_irq_register(BUTTONS_IRQ, context, button_interrupt);
  ^
main.c:158:7: warning: assignment makes pointer from integer without a cast [-Wint-conversion]
  uart = open(UART_NAME,(O_NONBLOCK | O_RDWR));
       ^
main.c:183:8: warning: passing argument 1 of 'close' makes integer from pointer without a cast [-Wint-conversion]
  close(uart);
        ^
In file included from c:\intelfpga\16.1\nios2eds\bin\gnu\h-x86_64-mingw32\nios2-elf\include\stdio.h:29:0,
                 from main.h:11,
                 from main.c:6:
c:\intelfpga\16.1\nios2eds\bin\gnu\h-x86_64-mingw32\nios2-elf\include\sys\unistd.h:30:9: note: expected 'int' but argument is of type 'FILE * {aka struct __sFILE *}'
 int     _EXFUN(close, (int __fildes ));
         ^
Info: Linking pacemaker.elf
nios2-elf-g++  -T'../pacemaker_bsp/linker.x' -msys-crt0='../pacemaker_bsp/obj/HAL/src/crt0.o' -msys-lib=hal_bsp -L../pacemaker_bsp   -Wl,-Map=pacemaker.map   -O0 -g -Wall   -mno-hw-div -mhw-mul -mno-hw-mulx -mgpopt=global  -o pacemaker.elf obj/default/main.o obj/default/pacemakersc.o obj/default/timers.o obj/default/uart.o -lm -msys-lib=m
nios2-elf-insert pacemaker.elf --thread_model hal --cpu_name cpu --qsys true --simulation_enabled false --id 308784078 --sidp 0x0 --timestamp 1502336826 --stderr_dev jtag_uart --stdin_dev jtag_uart --stdout_dev jtag_uart --sopc_system_name nios2_system --quartus_project_dir "D:/pacemaker" --sopcinfo D:/pacemaker/nios_workspace/pacemaker_bsp/../../nios2_system.sopcinfo
Info: (pacemaker.elf) 49 KBytes program size (code + initialized data).
Info:                 8135 KBytes free for stack + heap.
Info: Creating pacemaker.objdump
nios2-elf-objdump --disassemble --syms --all-header --source pacemaker.elf >pacemaker.objdump
[pacemaker build complete]
17:20:03 **** Incremental Build of configuration Nios II for project pacemaker ****
make all 
Info: Building ../pacemaker_bsp
C:/intelFPGA/16.1/nios2eds/bin/gnu/H-x86_64-mingw32/bin/make --no-print-directory -C ../pacemaker_bsp
[BSP build complete]
[pacemaker build complete]
17:24:12 **** Build of configuration Nios II for project pacemaker ****
make all 
Info: Building ../pacemaker_bsp
C:/intelFPGA/16.1/nios2eds/bin/gnu/H-x86_64-mingw32/bin/make --no-print-directory -C ../pacemaker_bsp
[BSP build complete]
Info: Compiling main.c to obj/default/main.o
nios2-elf-gcc -xc -MP -MMD -c -I../pacemaker_bsp/HAL/inc -I../pacemaker_bsp -I../pacemaker_bsp/drivers/inc  -pipe -D__hal__ -DALT_NO_INSTRUCTION_EMULATION -DALT_SINGLE_THREADED    -O0 -g -Wall   -mno-hw-div -mhw-mul -mno-hw-mulx -mgpopt=global  -o obj/default/main.o main.c
main.c: In function 'SET_output':
main.c:111:9: warning: passing argument 1 of 'write' makes integer from pointer without a cast [-Wint-conversion]
   write(uart,charA,2);
         ^
In file included from c:\intelfpga\16.1\nios2eds\bin\gnu\h-x86_64-mingw32\nios2-elf\include\stdio.h:29:0,
                 from main.h:11,
                 from main.c:6:
c:\intelfpga\16.1\nios2eds\bin\gnu\h-x86_64-mingw32\nios2-elf\include\sys\unistd.h:197:25: note: expected 'int' but argument is of type 'FILE * {aka struct __sFILE *}'
 _READ_WRITE_RETURN_TYPE _EXFUN(write, (int __fd, const void *__buf, size_t __nbyte ));
                         ^
main.c:120:9: warning: passing argument 1 of 'write' makes integer from pointer without a cast [-Wint-conversion]
   write(uart,charV,2);
         ^
In file included from c:\intelfpga\16.1\nios2eds\bin\gnu\h-x86_64-mingw32\nios2-elf\include\stdio.h:29:0,
                 from main.h:11,
                 from main.c:6:
c:\intelfpga\16.1\nios2eds\bin\gnu\h-x86_64-mingw32\nios2-elf\include\sys\unistd.h:197:25: note: expected 'int' but argument is of type 'FILE * {aka struct __sFILE *}'
 _READ_WRITE_RETURN_TYPE _EXFUN(write, (int __fd, const void *__buf, size_t __nbyte ));
                         ^
main.c: In function 'main':
main.c:157:2: warning: implicit declaration of function 'alt_irq_register' [-Wimplicit-function-declaration]
  alt_irq_register(BUTTONS_IRQ, context, button_interrupt);
  ^
main.c:160:7: warning: assignment makes pointer from integer without a cast [-Wint-conversion]
  uart = open(UART_NAME,(O_NONBLOCK | O_RDWR));
       ^
main.c:185:8: warning: passing argument 1 of 'close' makes integer from pointer without a cast [-Wint-conversion]
  close(uart);
        ^
In file included from c:\intelfpga\16.1\nios2eds\bin\gnu\h-x86_64-mingw32\nios2-elf\include\stdio.h:29:0,
                 from main.h:11,
                 from main.c:6:
c:\intelfpga\16.1\nios2eds\bin\gnu\h-x86_64-mingw32\nios2-elf\include\sys\unistd.h:30:9: note: expected 'int' but argument is of type 'FILE * {aka struct __sFILE *}'
 int     _EXFUN(close, (int __fildes ));
         ^
Info: Linking pacemaker.elf
nios2-elf-g++  -T'../pacemaker_bsp/linker.x' -msys-crt0='../pacemaker_bsp/obj/HAL/src/crt0.o' -msys-lib=hal_bsp -L../pacemaker_bsp   -Wl,-Map=pacemaker.map   -O0 -g -Wall   -mno-hw-div -mhw-mul -mno-hw-mulx -mgpopt=global  -o pacemaker.elf obj/default/main.o obj/default/pacemakersc.o obj/default/timers.o obj/default/uart.o -lm -msys-lib=m
nios2-elf-insert pacemaker.elf --thread_model hal --cpu_name cpu --qsys true --simulation_enabled false --id 308784078 --sidp 0x0 --timestamp 1502336826 --stderr_dev jtag_uart --stdin_dev jtag_uart --stdout_dev jtag_uart --sopc_system_name nios2_system --quartus_project_dir "D:/pacemaker" --sopcinfo D:/pacemaker/nios_workspace/pacemaker_bsp/../../nios2_system.sopcinfo
Info: (pacemaker.elf) 49 KBytes program size (code + initialized data).
Info:                 8134 KBytes free for stack + heap.
Info: Creating pacemaker.objdump
nios2-elf-objdump --disassemble --syms --all-header --source pacemaker.elf >pacemaker.objdump
[pacemaker build complete]
17:24:16 **** Incremental Build of configuration Nios II for project pacemaker ****
make all 
Info: Building ../pacemaker_bsp
C:/intelFPGA/16.1/nios2eds/bin/gnu/H-x86_64-mingw32/bin/make --no-print-directory -C ../pacemaker_bsp
[BSP build complete]
[pacemaker build complete]
17:26:56 **** Build of configuration Nios II for project pacemaker ****
make all 
Info: Building ../pacemaker_bsp
C:/intelFPGA/16.1/nios2eds/bin/gnu/H-x86_64-mingw32/bin/make --no-print-directory -C ../pacemaker_bsp
[BSP build complete]
Info: Compiling main.c to obj/default/main.o
nios2-elf-gcc -xc -MP -MMD -c -I../pacemaker_bsp/HAL/inc -I../pacemaker_bsp -I../pacemaker_bsp/drivers/inc  -pipe -D__hal__ -DALT_NO_INSTRUCTION_EMULATION -DALT_SINGLE_THREADED    -O0 -g -Wall   -mno-hw-div -mhw-mul -mno-hw-mulx -mgpopt=global  -o obj/default/main.o main.c
main.c: In function 'SET_output':
main.c:110:9: warning: passing argument 1 of 'write' makes integer from pointer without a cast [-Wint-conversion]
   write(uart,charA,2);
         ^
In file included from c:\intelfpga\16.1\nios2eds\bin\gnu\h-x86_64-mingw32\nios2-elf\include\stdio.h:29:0,
                 from main.h:11,
                 from main.c:6:
c:\intelfpga\16.1\nios2eds\bin\gnu\h-x86_64-mingw32\nios2-elf\include\sys\unistd.h:197:25: note: expected 'int' but argument is of type 'FILE * {aka struct __sFILE *}'
 _READ_WRITE_RETURN_TYPE _EXFUN(write, (int __fd, const void *__buf, size_t __nbyte ));
                         ^
main.c:119:9: warning: passing argument 1 of 'write' makes integer from pointer without a cast [-Wint-conversion]
   write(uart,charV,2);
         ^
In file included from c:\intelfpga\16.1\nios2eds\bin\gnu\h-x86_64-mingw32\nios2-elf\include\stdio.h:29:0,
                 from main.h:11,
                 from main.c:6:
c:\intelfpga\16.1\nios2eds\bin\gnu\h-x86_64-mingw32\nios2-elf\include\sys\unistd.h:197:25: note: expected 'int' but argument is of type 'FILE * {aka struct __sFILE *}'
 _READ_WRITE_RETURN_TYPE _EXFUN(write, (int __fd, const void *__buf, size_t __nbyte ));
                         ^
main.c: In function 'main':
main.c:156:2: warning: implicit declaration of function 'alt_irq_register' [-Wimplicit-function-declaration]
  alt_irq_register(BUTTONS_IRQ, context, button_interrupt);
  ^
main.c:159:7: warning: assignment makes pointer from integer without a cast [-Wint-conversion]
  uart = open(UART_NAME,(O_NONBLOCK | O_RDWR));
       ^
main.c:185:8: warning: passing argument 1 of 'close' makes integer from pointer without a cast [-Wint-conversion]
  close(uart);
        ^
In file included from c:\intelfpga\16.1\nios2eds\bin\gnu\h-x86_64-mingw32\nios2-elf\include\stdio.h:29:0,
                 from main.h:11,
                 from main.c:6:
c:\intelfpga\16.1\nios2eds\bin\gnu\h-x86_64-mingw32\nios2-elf\include\sys\unistd.h:30:9: note: expected 'int' but argument is of type 'FILE * {aka struct __sFILE *}'
 int     _EXFUN(close, (int __fildes ));
         ^
Info: Linking pacemaker.elf
nios2-elf-g++  -T'../pacemaker_bsp/linker.x' -msys-crt0='../pacemaker_bsp/obj/HAL/src/crt0.o' -msys-lib=hal_bsp -L../pacemaker_bsp   -Wl,-Map=pacemaker.map   -O0 -g -Wall   -mno-hw-div -mhw-mul -mno-hw-mulx -mgpopt=global  -o pacemaker.elf obj/default/main.o obj/default/pacemakersc.o obj/default/timers.o obj/default/uart.o -lm -msys-lib=m
nios2-elf-insert pacemaker.elf --thread_model hal --cpu_name cpu --qsys true --simulation_enabled false --id 308784078 --sidp 0x0 --timestamp 1502336826 --stderr_dev jtag_uart --stdin_dev jtag_uart --stdout_dev jtag_uart --sopc_system_name nios2_system --quartus_project_dir "D:/pacemaker" --sopcinfo D:/pacemaker/nios_workspace/pacemaker_bsp/../../nios2_system.sopcinfo
Info: (pacemaker.elf) 49 KBytes program size (code + initialized data).
Info:                 8134 KBytes free for stack + heap.
Info: Creating pacemaker.objdump
nios2-elf-objdump --disassemble --syms --all-header --source pacemaker.elf >pacemaker.objdump
[pacemaker build complete]
17:26:59 **** Incremental Build of configuration Nios II for project pacemaker ****
make all 
Info: Building ../pacemaker_bsp
C:/intelFPGA/16.1/nios2eds/bin/gnu/H-x86_64-mingw32/bin/make --no-print-directory -C ../pacemaker_bsp
[BSP build complete]
[pacemaker build complete]
17:31:43 **** Build of configuration Nios II for project pacemaker ****
make all 
Info: Building ../pacemaker_bsp
C:/intelFPGA/16.1/nios2eds/bin/gnu/H-x86_64-mingw32/bin/make --no-print-directory -C ../pacemaker_bsp
[BSP build complete]
Info: Compiling main.c to obj/default/main.o
nios2-elf-gcc -xc -MP -MMD -c -I../pacemaker_bsp/HAL/inc -I../pacemaker_bsp -I../pacemaker_bsp/drivers/inc  -pipe -D__hal__ -DALT_NO_INSTRUCTION_EMULATION -DALT_SINGLE_THREADED    -O0 -g -Wall   -mno-hw-div -mhw-mul -mno-hw-mulx -mgpopt=global  -o obj/default/main.o main.c
main.c: In function 'SET_output':
main.c:110:9: warning: passing argument 1 of 'write' makes integer from pointer without a cast [-Wint-conversion]
   write(uart,charA,2);
         ^
In file included from c:\intelfpga\16.1\nios2eds\bin\gnu\h-x86_64-mingw32\nios2-elf\include\stdio.h:29:0,
                 from main.h:11,
                 from main.c:6:
c:\intelfpga\16.1\nios2eds\bin\gnu\h-x86_64-mingw32\nios2-elf\include\sys\unistd.h:197:25: note: expected 'int' but argument is of type 'FILE * {aka struct __sFILE *}'
 _READ_WRITE_RETURN_TYPE _EXFUN(write, (int __fd, const void *__buf, size_t __nbyte ));
                         ^
main.c:119:9: warning: passing argument 1 of 'write' makes integer from pointer without a cast [-Wint-conversion]
   write(uart,charV,2);
         ^
In file included from c:\intelfpga\16.1\nios2eds\bin\gnu\h-x86_64-mingw32\nios2-elf\include\stdio.h:29:0,
                 from main.h:11,
                 from main.c:6:
c:\intelfpga\16.1\nios2eds\bin\gnu\h-x86_64-mingw32\nios2-elf\include\sys\unistd.h:197:25: note: expected 'int' but argument is of type 'FILE * {aka struct __sFILE *}'
 _READ_WRITE_RETURN_TYPE _EXFUN(write, (int __fd, const void *__buf, size_t __nbyte ));
                         ^
main.c: In function 'main':
main.c:156:2: warning: implicit declaration of function 'alt_irq_register' [-Wimplicit-function-declaration]
  alt_irq_register(BUTTONS_IRQ, context, button_interrupt);
  ^
main.c:159:7: warning: assignment makes pointer from integer without a cast [-Wint-conversion]
  uart = open(UART_NAME,(O_NONBLOCK | O_RDWR));
       ^
main.c:185:8: warning: passing argument 1 of 'close' makes integer from pointer without a cast [-Wint-conversion]
  close(uart);
        ^
In file included from c:\intelfpga\16.1\nios2eds\bin\gnu\h-x86_64-mingw32\nios2-elf\include\stdio.h:29:0,
                 from main.h:11,
                 from main.c:6:
c:\intelfpga\16.1\nios2eds\bin\gnu\h-x86_64-mingw32\nios2-elf\include\sys\unistd.h:30:9: note: expected 'int' but argument is of type 'FILE * {aka struct __sFILE *}'
 int     _EXFUN(close, (int __fildes ));
         ^
Info: Compiling timers.c to obj/default/timers.o
nios2-elf-gcc -xc -MP -MMD -c -I../pacemaker_bsp/HAL/inc -I../pacemaker_bsp -I../pacemaker_bsp/drivers/inc  -pipe -D__hal__ -DALT_NO_INSTRUCTION_EMULATION -DALT_SINGLE_THREADED    -O0 -g -Wall   -mno-hw-div -mhw-mul -mno-hw-mulx -mgpopt=global  -o obj/default/timers.o timers.c
Info: Compiling uart.c to obj/default/uart.o
nios2-elf-gcc -xc -MP -MMD -c -I../pacemaker_bsp/HAL/inc -I../pacemaker_bsp -I../pacemaker_bsp/drivers/inc  -pipe -D__hal__ -DALT_NO_INSTRUCTION_EMULATION -DALT_SINGLE_THREADED    -O0 -g -Wall   -mno-hw-div -mhw-mul -mno-hw-mulx -mgpopt=global  -o obj/default/uart.o uart.c
uart.c: In function 'checkuart':
uart.c:11:6: warning: implicit declaration of function 'read' [-Wimplicit-function-declaration]
  if (read(uart,byte,1) > 0){
      ^
Info: Linking pacemaker.elf
nios2-elf-g++  -T'../pacemaker_bsp/linker.x' -msys-crt0='../pacemaker_bsp/obj/HAL/src/crt0.o' -msys-lib=hal_bsp -L../pacemaker_bsp   -Wl,-Map=pacemaker.map   -O0 -g -Wall   -mno-hw-div -mhw-mul -mno-hw-mulx -mgpopt=global  -o pacemaker.elf obj/default/main.o obj/default/pacemakersc.o obj/default/timers.o obj/default/uart.o -lm -msys-lib=m
nios2-elf-insert pacemaker.elf --thread_model hal --cpu_name cpu --qsys true --simulation_enabled false --id 308784078 --sidp 0x0 --timestamp 1502336826 --stderr_dev jtag_uart --stdin_dev jtag_uart --stdout_dev jtag_uart --sopc_system_name nios2_system --quartus_project_dir "D:/pacemaker" --sopcinfo D:/pacemaker/nios_workspace/pacemaker_bsp/../../nios2_system.sopcinfo
Info: (pacemaker.elf) 49 KBytes program size (code + initialized data).
Info:                 8134 KBytes free for stack + heap.
Info: Creating pacemaker.objdump
nios2-elf-objdump --disassemble --syms --all-header --source pacemaker.elf >pacemaker.objdump
[pacemaker build complete]
17:31:47 **** Incremental Build of configuration Nios II for project pacemaker ****
make all 
Info: Building ../pacemaker_bsp
C:/intelFPGA/16.1/nios2eds/bin/gnu/H-x86_64-mingw32/bin/make --no-print-directory -C ../pacemaker_bsp
[BSP build complete]
[pacemaker build complete]
17:33:10 **** Build of configuration Nios II for project pacemaker ****
make all 
Info: Building ../pacemaker_bsp
C:/intelFPGA/16.1/nios2eds/bin/gnu/H-x86_64-mingw32/bin/make --no-print-directory -C ../pacemaker_bsp
[BSP build complete]
Info: Compiling main.c to obj/default/main.o
nios2-elf-gcc -xc -MP -MMD -c -I../pacemaker_bsp/HAL/inc -I../pacemaker_bsp -I../pacemaker_bsp/drivers/inc  -pipe -D__hal__ -DALT_NO_INSTRUCTION_EMULATION -DALT_SINGLE_THREADED    -O0 -g -Wall   -mno-hw-div -mhw-mul -mno-hw-mulx -mgpopt=global  -o obj/default/main.o main.c
main.c: In function 'SET_output':
main.c:110:9: warning: passing argument 1 of 'write' makes integer from pointer without a cast [-Wint-conversion]
   write(uart,charA,2);
         ^
In file included from c:\intelfpga\16.1\nios2eds\bin\gnu\h-x86_64-mingw32\nios2-elf\include\stdio.h:29:0,
                 from main.h:11,
                 from main.c:6:
c:\intelfpga\16.1\nios2eds\bin\gnu\h-x86_64-mingw32\nios2-elf\include\sys\unistd.h:197:25: note: expected 'int' but argument is of type 'FILE * {aka struct __sFILE *}'
 _READ_WRITE_RETURN_TYPE _EXFUN(write, (int __fd, const void *__buf, size_t __nbyte ));
                         ^
main.c:119:9: warning: passing argument 1 of 'write' makes integer from pointer without a cast [-Wint-conversion]
   write(uart,charV,2);
         ^
In file included from c:\intelfpga\16.1\nios2eds\bin\gnu\h-x86_64-mingw32\nios2-elf\include\stdio.h:29:0,
                 from main.h:11,
                 from main.c:6:
c:\intelfpga\16.1\nios2eds\bin\gnu\h-x86_64-mingw32\nios2-elf\include\sys\unistd.h:197:25: note: expected 'int' but argument is of type 'FILE * {aka struct __sFILE *}'
 _READ_WRITE_RETURN_TYPE _EXFUN(write, (int __fd, const void *__buf, size_t __nbyte ));
                         ^
main.c: In function 'main':
main.c:156:2: warning: implicit declaration of function 'alt_irq_register' [-Wimplicit-function-declaration]
  alt_irq_register(BUTTONS_IRQ, context, button_interrupt);
  ^
main.c:159:7: warning: assignment makes pointer from integer without a cast [-Wint-conversion]
  uart = open(UART_NAME,(O_NONBLOCK | O_RDWR));
       ^
main.c:185:8: warning: passing argument 1 of 'close' makes integer from pointer without a cast [-Wint-conversion]
  close(uart);
        ^
In file included from c:\intelfpga\16.1\nios2eds\bin\gnu\h-x86_64-mingw32\nios2-elf\include\stdio.h:29:0,
                 from main.h:11,
                 from main.c:6:
c:\intelfpga\16.1\nios2eds\bin\gnu\h-x86_64-mingw32\nios2-elf\include\sys\unistd.h:30:9: note: expected 'int' but argument is of type 'FILE * {aka struct __sFILE *}'
 int     _EXFUN(close, (int __fildes ));
         ^
Info: Linking pacemaker.elf
nios2-elf-g++  -T'../pacemaker_bsp/linker.x' -msys-crt0='../pacemaker_bsp/obj/HAL/src/crt0.o' -msys-lib=hal_bsp -L../pacemaker_bsp   -Wl,-Map=pacemaker.map   -O0 -g -Wall   -mno-hw-div -mhw-mul -mno-hw-mulx -mgpopt=global  -o pacemaker.elf obj/default/main.o obj/default/pacemakersc.o obj/default/timers.o obj/default/uart.o -lm -msys-lib=m
nios2-elf-insert pacemaker.elf --thread_model hal --cpu_name cpu --qsys true --simulation_enabled false --id 308784078 --sidp 0x0 --timestamp 1502336826 --stderr_dev jtag_uart --stdin_dev jtag_uart --stdout_dev jtag_uart --sopc_system_name nios2_system --quartus_project_dir "D:/pacemaker" --sopcinfo D:/pacemaker/nios_workspace/pacemaker_bsp/../../nios2_system.sopcinfo
Info: (pacemaker.elf) 49 KBytes program size (code + initialized data).
Info:                 8134 KBytes free for stack + heap.
Info: Creating pacemaker.objdump
nios2-elf-objdump --disassemble --syms --all-header --source pacemaker.elf >pacemaker.objdump
[pacemaker build complete]
17:33:13 **** Incremental Build of configuration Nios II for project pacemaker ****
make all 
Info: Building ../pacemaker_bsp
C:/intelFPGA/16.1/nios2eds/bin/gnu/H-x86_64-mingw32/bin/make --no-print-directory -C ../pacemaker_bsp
[BSP build complete]
[pacemaker build complete]
17:42:28 **** Build of configuration Nios II for project pacemaker ****
make all 
Info: Building ../pacemaker_bsp
C:/intelFPGA/16.1/nios2eds/bin/gnu/H-x86_64-mingw32/bin/make --no-print-directory -C ../pacemaker_bsp
[BSP build complete]
Info: Compiling pacemakersc.c to obj/default/pacemakersc.o
nios2-elf-gcc -xc -MP -MMD -c -I../pacemaker_bsp/HAL/inc -I../pacemaker_bsp -I../pacemaker_bsp/drivers/inc  -pipe -D__hal__ -DALT_NO_INSTRUCTION_EMULATION -DALT_SINGLE_THREADED    -O0 -g -Wall   -mno-hw-div -mhw-mul -mno-hw-mulx -mgpopt=global  -o obj/default/pacemakersc.o pacemakersc.c
pacemakersc.c:2:1: warning: "/*" within comment [-Wcomment]
 /*****************************************************************************/
 ^
Info: Linking pacemaker.elf
nios2-elf-g++  -T'../pacemaker_bsp/linker.x' -msys-crt0='../pacemaker_bsp/obj/HAL/src/crt0.o' -msys-lib=hal_bsp -L../pacemaker_bsp   -Wl,-Map=pacemaker.map   -O0 -g -Wall   -mno-hw-div -mhw-mul -mno-hw-mulx -mgpopt=global  -o pacemaker.elf obj/default/main.o obj/default/pacemakersc.o obj/default/timers.o obj/default/uart.o -lm -msys-lib=m
nios2-elf-insert pacemaker.elf --thread_model hal --cpu_name cpu --qsys true --simulation_enabled false --id 308784078 --sidp 0x0 --timestamp 1502336826 --stderr_dev jtag_uart --stdin_dev jtag_uart --stdout_dev jtag_uart --sopc_system_name nios2_system --quartus_project_dir "D:/pacemaker" --sopcinfo D:/pacemaker/nios_workspace/pacemaker_bsp/../../nios2_system.sopcinfo
Info: (pacemaker.elf) 49 KBytes program size (code + initialized data).
Info:                 8134 KBytes free for stack + heap.
Info: Creating pacemaker.objdump
nios2-elf-objdump --disassemble --syms --all-header --source pacemaker.elf >pacemaker.objdump
[pacemaker build complete]
17:42:32 **** Incremental Build of configuration Nios II for project pacemaker ****
make all 
Info: Building ../pacemaker_bsp
C:/intelFPGA/16.1/nios2eds/bin/gnu/H-x86_64-mingw32/bin/make --no-print-directory -C ../pacemaker_bsp
[BSP build complete]
[pacemaker build complete]
17:46:52 **** Build of configuration Nios II for project pacemaker ****
make all 
Info: Building ../pacemaker_bsp
C:/intelFPGA/16.1/nios2eds/bin/gnu/H-x86_64-mingw32/bin/make --no-print-directory -C ../pacemaker_bsp
[BSP build complete]
Info: Compiling pacemakersc.c to obj/default/pacemakersc.o
nios2-elf-gcc -xc -MP -MMD -c -I../pacemaker_bsp/HAL/inc -I../pacemaker_bsp -I../pacemaker_bsp/drivers/inc  -pipe -D__hal__ -DALT_NO_INSTRUCTION_EMULATION -DALT_SINGLE_THREADED    -O0 -g -Wall   -mno-hw-div -mhw-mul -mno-hw-mulx -mgpopt=global  -o obj/default/pacemakersc.o pacemakersc.c
pacemakersc.c:2:1: warning: "/*" within comment [-Wcomment]
 /*****************************************************************************/
 ^
Info: Linking pacemaker.elf
nios2-elf-g++  -T'../pacemaker_bsp/linker.x' -msys-crt0='../pacemaker_bsp/obj/HAL/src/crt0.o' -msys-lib=hal_bsp -L../pacemaker_bsp   -Wl,-Map=pacemaker.map   -O0 -g -Wall   -mno-hw-div -mhw-mul -mno-hw-mulx -mgpopt=global  -o pacemaker.elf obj/default/main.o obj/default/pacemakersc.o obj/default/timers.o obj/default/uart.o -lm -msys-lib=m
nios2-elf-insert pacemaker.elf --thread_model hal --cpu_name cpu --qsys true --simulation_enabled false --id 308784078 --sidp 0x0 --timestamp 1502336826 --stderr_dev jtag_uart --stdin_dev jtag_uart --stdout_dev jtag_uart --sopc_system_name nios2_system --quartus_project_dir "D:/pacemaker" --sopcinfo D:/pacemaker/nios_workspace/pacemaker_bsp/../../nios2_system.sopcinfo
Info: (pacemaker.elf) 49 KBytes program size (code + initialized data).
Info:                 8134 KBytes free for stack + heap.
Info: Creating pacemaker.objdump
nios2-elf-objdump --disassemble --syms --all-header --source pacemaker.elf >pacemaker.objdump
[pacemaker build complete]
17:46:56 **** Incremental Build of configuration Nios II for project pacemaker ****
make all 
Info: Building ../pacemaker_bsp
C:/intelFPGA/16.1/nios2eds/bin/gnu/H-x86_64-mingw32/bin/make --no-print-directory -C ../pacemaker_bsp
[BSP build complete]
[pacemaker build complete]
17:54:56 **** Build of configuration Nios II for project pacemaker ****
make all 
Info: Building ../pacemaker_bsp
C:/intelFPGA/16.1/nios2eds/bin/gnu/H-x86_64-mingw32/bin/make --no-print-directory -C ../pacemaker_bsp
[BSP build complete]
[pacemaker build complete]
17:54:59 **** Incremental Build of configuration Nios II for project pacemaker ****
make all 
Info: Building ../pacemaker_bsp
C:/intelFPGA/16.1/nios2eds/bin/gnu/H-x86_64-mingw32/bin/make --no-print-directory -C ../pacemaker_bsp
[BSP build complete]
[pacemaker build complete]
18:10:06 **** Build of configuration Nios II for project pacemaker ****
make all 
Info: Building ../pacemaker_bsp
C:/intelFPGA/16.1/nios2eds/bin/gnu/H-x86_64-mingw32/bin/make --no-print-directory -C ../pacemaker_bsp
[BSP build complete]
Info: Compiling pacemakersc.c to obj/default/pacemakersc.o
nios2-elf-gcc -xc -MP -MMD -c -I../pacemaker_bsp/HAL/inc -I../pacemaker_bsp -I../pacemaker_bsp/drivers/inc  -pipe -D__hal__ -DALT_NO_INSTRUCTION_EMULATION -DALT_SINGLE_THREADED    -O0 -g -Wall   -mno-hw-div -mhw-mul -mno-hw-mulx -mgpopt=global  -o obj/default/pacemakersc.o pacemakersc.c
pacemakersc.c:2:1: warning: "/*" within comment [-Wcomment]
 /*****************************************************************************/
 ^
Info: Linking pacemaker.elf
nios2-elf-g++  -T'../pacemaker_bsp/linker.x' -msys-crt0='../pacemaker_bsp/obj/HAL/src/crt0.o' -msys-lib=hal_bsp -L../pacemaker_bsp   -Wl,-Map=pacemaker.map   -O0 -g -Wall   -mno-hw-div -mhw-mul -mno-hw-mulx -mgpopt=global  -o pacemaker.elf obj/default/main.o obj/default/pacemakersc.o obj/default/timers.o obj/default/uart.o -lm -msys-lib=m
nios2-elf-insert pacemaker.elf --thread_model hal --cpu_name cpu --qsys true --simulation_enabled false --id 308784078 --sidp 0x0 --timestamp 1502336826 --stderr_dev jtag_uart --stdin_dev jtag_uart --stdout_dev jtag_uart --sopc_system_name nios2_system --quartus_project_dir "D:/pacemaker" --sopcinfo D:/pacemaker/nios_workspace/pacemaker_bsp/../../nios2_system.sopcinfo
Info: (pacemaker.elf) 49 KBytes program size (code + initialized data).
Info:                 8135 KBytes free for stack + heap.
Info: Creating pacemaker.objdump
nios2-elf-objdump --disassemble --syms --all-header --source pacemaker.elf >pacemaker.objdump
[pacemaker build complete]
18:10:10 **** Incremental Build of configuration Nios II for project pacemaker ****
make all 
Info: Building ../pacemaker_bsp
C:/intelFPGA/16.1/nios2eds/bin/gnu/H-x86_64-mingw32/bin/make --no-print-directory -C ../pacemaker_bsp
[BSP build complete]
[pacemaker build complete]
18:13:22 **** Build of configuration Nios II for project pacemaker ****
make all 
Info: Building ../pacemaker_bsp
C:/intelFPGA/16.1/nios2eds/bin/gnu/H-x86_64-mingw32/bin/make --no-print-directory -C ../pacemaker_bsp
[BSP build complete]
[pacemaker build complete]
18:13:24 **** Incremental Build of configuration Nios II for project pacemaker ****
make all 
Info: Building ../pacemaker_bsp
C:/intelFPGA/16.1/nios2eds/bin/gnu/H-x86_64-mingw32/bin/make --no-print-directory -C ../pacemaker_bsp
[BSP build complete]
[pacemaker build complete]
18:14:16 **** Build of configuration Nios II for project pacemaker ****
make all 
Info: Building ../pacemaker_bsp
C:/intelFPGA/16.1/nios2eds/bin/gnu/H-x86_64-mingw32/bin/make --no-print-directory -C ../pacemaker_bsp
[BSP build complete]
Info: Compiling uart.c to obj/default/uart.o
nios2-elf-gcc -xc -MP -MMD -c -I../pacemaker_bsp/HAL/inc -I../pacemaker_bsp -I../pacemaker_bsp/drivers/inc  -pipe -D__hal__ -DALT_NO_INSTRUCTION_EMULATION -DALT_SINGLE_THREADED    -O0 -g -Wall   -mno-hw-div -mhw-mul -mno-hw-mulx -mgpopt=global  -o obj/default/uart.o uart.c
uart.c: In function 'checkuart':
uart.c:11:6: warning: implicit declaration of function 'read' [-Wimplicit-function-declaration]
  if (read(uart,byte,1) > 0){
      ^
Info: Linking pacemaker.elf
nios2-elf-g++  -T'../pacemaker_bsp/linker.x' -msys-crt0='../pacemaker_bsp/obj/HAL/src/crt0.o' -msys-lib=hal_bsp -L../pacemaker_bsp   -Wl,-Map=pacemaker.map   -O0 -g -Wall   -mno-hw-div -mhw-mul -mno-hw-mulx -mgpopt=global  -o pacemaker.elf obj/default/main.o obj/default/pacemakersc.o obj/default/timers.o obj/default/uart.o -lm -msys-lib=m
nios2-elf-insert pacemaker.elf --thread_model hal --cpu_name cpu --qsys true --simulation_enabled false --id 308784078 --sidp 0x0 --timestamp 1502336826 --stderr_dev jtag_uart --stdin_dev jtag_uart --stdout_dev jtag_uart --sopc_system_name nios2_system --quartus_project_dir "D:/pacemaker" --sopcinfo D:/pacemaker/nios_workspace/pacemaker_bsp/../../nios2_system.sopcinfo
Info: (pacemaker.elf) 49 KBytes program size (code + initialized data).
Info:                 8135 KBytes free for stack + heap.
Info: Creating pacemaker.objdump
nios2-elf-objdump --disassemble --syms --all-header --source pacemaker.elf >pacemaker.objdump
[pacemaker build complete]
18:14:19 **** Incremental Build of configuration Nios II for project pacemaker ****
make all 
Info: Building ../pacemaker_bsp
C:/intelFPGA/16.1/nios2eds/bin/gnu/H-x86_64-mingw32/bin/make --no-print-directory -C ../pacemaker_bsp
[BSP build complete]
[pacemaker build complete]
18:25:52 **** Build of configuration Nios II for project pacemaker ****
make all 
Info: Building ../pacemaker_bsp
C:/intelFPGA/16.1/nios2eds/bin/gnu/H-x86_64-mingw32/bin/make --no-print-directory -C ../pacemaker_bsp
[BSP build complete]
Info: Compiling main.c to obj/default/main.o
nios2-elf-gcc -xc -MP -MMD -c -I../pacemaker_bsp/HAL/inc -I../pacemaker_bsp -I../pacemaker_bsp/drivers/inc  -pipe -D__hal__ -DALT_NO_INSTRUCTION_EMULATION -DALT_SINGLE_THREADED    -O0 -g -Wall   -mno-hw-div -mhw-mul -mno-hw-mulx -mgpopt=global  -o obj/default/main.o main.c
main.c: In function 'SET_output':
main.c:110:9: warning: passing argument 1 of 'write' makes integer from pointer without a cast [-Wint-conversion]
   write(uart,charA,2);
         ^
In file included from c:\intelfpga\16.1\nios2eds\bin\gnu\h-x86_64-mingw32\nios2-elf\include\stdio.h:29:0,
                 from main.h:11,
                 from main.c:6:
c:\intelfpga\16.1\nios2eds\bin\gnu\h-x86_64-mingw32\nios2-elf\include\sys\unistd.h:197:25: note: expected 'int' but argument is of type 'FILE * {aka struct __sFILE *}'
 _READ_WRITE_RETURN_TYPE _EXFUN(write, (int __fd, const void *__buf, size_t __nbyte ));
                         ^
main.c:119:9: warning: passing argument 1 of 'write' makes integer from pointer without a cast [-Wint-conversion]
   write(uart,charV,2);
         ^
In file included from c:\intelfpga\16.1\nios2eds\bin\gnu\h-x86_64-mingw32\nios2-elf\include\stdio.h:29:0,
                 from main.h:11,
                 from main.c:6:
c:\intelfpga\16.1\nios2eds\bin\gnu\h-x86_64-mingw32\nios2-elf\include\sys\unistd.h:197:25: note: expected 'int' but argument is of type 'FILE * {aka struct __sFILE *}'
 _READ_WRITE_RETURN_TYPE _EXFUN(write, (int __fd, const void *__buf, size_t __nbyte ));
                         ^
main.c: In function 'main':
main.c:156:2: warning: implicit declaration of function 'alt_irq_register' [-Wimplicit-function-declaration]
  alt_irq_register(BUTTONS_IRQ, context, button_interrupt);
  ^
main.c:159:7: warning: assignment makes pointer from integer without a cast [-Wint-conversion]
  uart = open(UART_NAME,(O_NONBLOCK | O_RDWR));
       ^
main.c:184:8: warning: passing argument 1 of 'close' makes integer from pointer without a cast [-Wint-conversion]
  close(uart);
        ^
In file included from c:\intelfpga\16.1\nios2eds\bin\gnu\h-x86_64-mingw32\nios2-elf\include\stdio.h:29:0,
                 from main.h:11,
                 from main.c:6:
c:\intelfpga\16.1\nios2eds\bin\gnu\h-x86_64-mingw32\nios2-elf\include\sys\unistd.h:30:9: note: expected 'int' but argument is of type 'FILE * {aka struct __sFILE *}'
 int     _EXFUN(close, (int __fildes ));
         ^
Info: Linking pacemaker.elf
nios2-elf-g++  -T'../pacemaker_bsp/linker.x' -msys-crt0='../pacemaker_bsp/obj/HAL/src/crt0.o' -msys-lib=hal_bsp -L../pacemaker_bsp   -Wl,-Map=pacemaker.map   -O0 -g -Wall   -mno-hw-div -mhw-mul -mno-hw-mulx -mgpopt=global  -o pacemaker.elf obj/default/main.o obj/default/pacemakersc.o obj/default/timers.o obj/default/uart.o -lm -msys-lib=m
nios2-elf-insert pacemaker.elf --thread_model hal --cpu_name cpu --qsys true --simulation_enabled false --id 308784078 --sidp 0x0 --timestamp 1502336826 --stderr_dev jtag_uart --stdin_dev jtag_uart --stdout_dev jtag_uart --sopc_system_name nios2_system --quartus_project_dir "D:/pacemaker" --sopcinfo D:/pacemaker/nios_workspace/pacemaker_bsp/../../nios2_system.sopcinfo
Info: (pacemaker.elf) 49 KBytes program size (code + initialized data).
Info:                 8135 KBytes free for stack + heap.
Info: Creating pacemaker.objdump
nios2-elf-objdump --disassemble --syms --all-header --source pacemaker.elf >pacemaker.objdump
[pacemaker build complete]
18:25:56 **** Incremental Build of configuration Nios II for project pacemaker ****
make all 
Info: Building ../pacemaker_bsp
C:/intelFPGA/16.1/nios2eds/bin/gnu/H-x86_64-mingw32/bin/make --no-print-directory -C ../pacemaker_bsp
[BSP build complete]
[pacemaker build complete]
18:46:28 **** Build of configuration Nios II for project pacemaker ****
make all 
Info: Building ../pacemaker_bsp
C:/intelFPGA/16.1/nios2eds/bin/gnu/H-x86_64-mingw32/bin/make --no-print-directory -C ../pacemaker_bsp
[BSP build complete]
[pacemaker build complete]
18:46:29 **** Incremental Build of configuration Nios II for project pacemaker ****
make all 
Info: Building ../pacemaker_bsp
C:/intelFPGA/16.1/nios2eds/bin/gnu/H-x86_64-mingw32/bin/make --no-print-directory -C ../pacemaker_bsp
[BSP build complete]
[pacemaker build complete]
18:49:06 **** Build of configuration Nios II for project pacemaker ****
make all 
Info: Building ../pacemaker_bsp
C:/intelFPGA/16.1/nios2eds/bin/gnu/H-x86_64-mingw32/bin/make --no-print-directory -C ../pacemaker_bsp
[BSP build complete]
Info: Compiling main.c to obj/default/main.o
nios2-elf-gcc -xc -MP -MMD -c -I../pacemaker_bsp/HAL/inc -I../pacemaker_bsp -I../pacemaker_bsp/drivers/inc  -pipe -D__hal__ -DALT_NO_INSTRUCTION_EMULATION -DALT_SINGLE_THREADED    -O0 -g -Wall   -mno-hw-div -mhw-mul -mno-hw-mulx -mgpopt=global  -o obj/default/main.o main.c
main.c: In function 'SET_output':
main.c:110:9: warning: passing argument 1 of 'write' makes integer from pointer without a cast [-Wint-conversion]
   write(uart,charA,2);
         ^
In file included from c:\intelfpga\16.1\nios2eds\bin\gnu\h-x86_64-mingw32\nios2-elf\include\stdio.h:29:0,
                 from main.h:11,
                 from main.c:6:
c:\intelfpga\16.1\nios2eds\bin\gnu\h-x86_64-mingw32\nios2-elf\include\sys\unistd.h:197:25: note: expected 'int' but argument is of type 'FILE * {aka struct __sFILE *}'
 _READ_WRITE_RETURN_TYPE _EXFUN(write, (int __fd, const void *__buf, size_t __nbyte ));
                         ^
main.c:119:9: warning: passing argument 1 of 'write' makes integer from pointer without a cast [-Wint-conversion]
   write(uart,charV,2);
         ^
In file included from c:\intelfpga\16.1\nios2eds\bin\gnu\h-x86_64-mingw32\nios2-elf\include\stdio.h:29:0,
                 from main.h:11,
                 from main.c:6:
c:\intelfpga\16.1\nios2eds\bin\gnu\h-x86_64-mingw32\nios2-elf\include\sys\unistd.h:197:25: note: expected 'int' but argument is of type 'FILE * {aka struct __sFILE *}'
 _READ_WRITE_RETURN_TYPE _EXFUN(write, (int __fd, const void *__buf, size_t __nbyte ));
                         ^
main.c: In function 'main':
main.c:156:2: warning: implicit declaration of function 'alt_irq_register' [-Wimplicit-function-declaration]
  alt_irq_register(BUTTONS_IRQ, context, button_interrupt);
  ^
main.c:159:7: warning: assignment makes pointer from integer without a cast [-Wint-conversion]
  uart = open(UART_NAME,(O_NONBLOCK | O_RDWR));
       ^
main.c:184:8: warning: passing argument 1 of 'close' makes integer from pointer without a cast [-Wint-conversion]
  close(uart);
        ^
In file included from c:\intelfpga\16.1\nios2eds\bin\gnu\h-x86_64-mingw32\nios2-elf\include\stdio.h:29:0,
                 from main.h:11,
                 from main.c:6:
c:\intelfpga\16.1\nios2eds\bin\gnu\h-x86_64-mingw32\nios2-elf\include\sys\unistd.h:30:9: note: expected 'int' but argument is of type 'FILE * {aka struct __sFILE *}'
 int     _EXFUN(close, (int __fildes ));
         ^
Info: Linking pacemaker.elf
nios2-elf-g++  -T'../pacemaker_bsp/linker.x' -msys-crt0='../pacemaker_bsp/obj/HAL/src/crt0.o' -msys-lib=hal_bsp -L../pacemaker_bsp   -Wl,-Map=pacemaker.map   -O0 -g -Wall   -mno-hw-div -mhw-mul -mno-hw-mulx -mgpopt=global  -o pacemaker.elf obj/default/main.o obj/default/pacemakersc.o obj/default/timers.o obj/default/uart.o -lm -msys-lib=m
nios2-elf-insert pacemaker.elf --thread_model hal --cpu_name cpu --qsys true --simulation_enabled false --id 308784078 --sidp 0x0 --timestamp 1502336826 --stderr_dev jtag_uart --stdin_dev jtag_uart --stdout_dev jtag_uart --sopc_system_name nios2_system --quartus_project_dir "D:/pacemaker" --sopcinfo D:/pacemaker/nios_workspace/pacemaker_bsp/../../nios2_system.sopcinfo
Info: (pacemaker.elf) 49 KBytes program size (code + initialized data).
Info:                 8135 KBytes free for stack + heap.
Info: Creating pacemaker.objdump
nios2-elf-objdump --disassemble --syms --all-header --source pacemaker.elf >pacemaker.objdump
[pacemaker build complete]
18:49:11 **** Incremental Build of configuration Nios II for project pacemaker ****
make all 
Info: Building ../pacemaker_bsp
C:/intelFPGA/16.1/nios2eds/bin/gnu/H-x86_64-mingw32/bin/make --no-print-directory -C ../pacemaker_bsp
[BSP build complete]
Info: Compiling main.c to obj/default/main.o
nios2-elf-gcc -xc -MP -MMD -c -I../pacemaker_bsp/HAL/inc -I../pacemaker_bsp -I../pacemaker_bsp/drivers/inc  -pipe -D__hal__ -DALT_NO_INSTRUCTION_EMULATION -DALT_SINGLE_THREADED    -O0 -g -Wall   -mno-hw-div -mhw-mul -mno-hw-mulx -mgpopt=global  -o obj/default/main.o main.c
main.c: In function 'SET_output':
main.c:110:9: warning: passing argument 1 of 'write' makes integer from pointer without a cast [-Wint-conversion]
   write(uart,charA,2);
         ^
In file included from c:\intelfpga\16.1\nios2eds\bin\gnu\h-x86_64-mingw32\nios2-elf\include\stdio.h:29:0,
                 from main.h:11,
                 from main.c:6:
c:\intelfpga\16.1\nios2eds\bin\gnu\h-x86_64-mingw32\nios2-elf\include\sys\unistd.h:197:25: note: expected 'int' but argument is of type 'FILE * {aka struct __sFILE *}'
 _READ_WRITE_RETURN_TYPE _EXFUN(write, (int __fd, const void *__buf, size_t __nbyte ));
                         ^
main.c:119:9: warning: passing argument 1 of 'write' makes integer from pointer without a cast [-Wint-conversion]
   write(uart,charV,2);
         ^
In file included from c:\intelfpga\16.1\nios2eds\bin\gnu\h-x86_64-mingw32\nios2-elf\include\stdio.h:29:0,
                 from main.h:11,
                 from main.c:6:
c:\intelfpga\16.1\nios2eds\bin\gnu\h-x86_64-mingw32\nios2-elf\include\sys\unistd.h:197:25: note: expected 'int' but argument is of type 'FILE * {aka struct __sFILE *}'
 _READ_WRITE_RETURN_TYPE _EXFUN(write, (int __fd, const void *__buf, size_t __nbyte ));
                         ^
main.c: In function 'main':
main.c:156:2: warning: implicit declaration of function 'alt_irq_register' [-Wimplicit-function-declaration]
  alt_irq_register(BUTTONS_IRQ, context, button_interrupt);
  ^
main.c:159:7: warning: assignment makes pointer from integer without a cast [-Wint-conversion]
  uart = open(UART_NAME,(O_NONBLOCK | O_RDWR));
       ^
main.c:185:8: warning: passing argument 1 of 'close' makes integer from pointer without a cast [-Wint-conversion]
  close(uart);
        ^
In file included from c:\intelfpga\16.1\nios2eds\bin\gnu\h-x86_64-mingw32\nios2-elf\include\stdio.h:29:0,
                 from main.h:11,
                 from main.c:6:
c:\intelfpga\16.1\nios2eds\bin\gnu\h-x86_64-mingw32\nios2-elf\include\sys\unistd.h:30:9: note: expected 'int' but argument is of type 'FILE * {aka struct __sFILE *}'
 int     _EXFUN(close, (int __fildes ));
         ^
Info: Linking pacemaker.elf
nios2-elf-g++  -T'../pacemaker_bsp/linker.x' -msys-crt0='../pacemaker_bsp/obj/HAL/src/crt0.o' -msys-lib=hal_bsp -L../pacemaker_bsp   -Wl,-Map=pacemaker.map   -O0 -g -Wall   -mno-hw-div -mhw-mul -mno-hw-mulx -mgpopt=global  -o pacemaker.elf obj/default/main.o obj/default/pacemakersc.o obj/default/timers.o obj/default/uart.o -lm -msys-lib=m
nios2-elf-insert pacemaker.elf --thread_model hal --cpu_name cpu --qsys true --simulation_enabled false --id 308784078 --sidp 0x0 --timestamp 1502336826 --stderr_dev jtag_uart --stdin_dev jtag_uart --stdout_dev jtag_uart --sopc_system_name nios2_system --quartus_project_dir "D:/pacemaker" --sopcinfo D:/pacemaker/nios_workspace/pacemaker_bsp/../../nios2_system.sopcinfo
Info: (pacemaker.elf) 49 KBytes program size (code + initialized data).
Info:                 8135 KBytes free for stack + heap.
Info: Creating pacemaker.objdump
nios2-elf-objdump --disassemble --syms --all-header --source pacemaker.elf >pacemaker.objdump
[pacemaker build complete]
18:49:32 **** Build of configuration Nios II for project pacemaker ****
make all 
Info: Building ../pacemaker_bsp
C:/intelFPGA/16.1/nios2eds/bin/gnu/H-x86_64-mingw32/bin/make --no-print-directory -C ../pacemaker_bsp
[BSP build complete]
[pacemaker build complete]
18:49:33 **** Incremental Build of configuration Nios II for project pacemaker ****
make all 
Info: Building ../pacemaker_bsp
C:/intelFPGA/16.1/nios2eds/bin/gnu/H-x86_64-mingw32/bin/make --no-print-directory -C ../pacemaker_bsp
[BSP build complete]
[pacemaker build complete]
18:51:24 **** Build of configuration Nios II for project pacemaker ****
make all 
Info: Building ../pacemaker_bsp
C:/intelFPGA/16.1/nios2eds/bin/gnu/H-x86_64-mingw32/bin/make --no-print-directory -C ../pacemaker_bsp
[BSP build complete]
Info: Compiling main.c to obj/default/main.o
nios2-elf-gcc -xc -MP -MMD -c -I../pacemaker_bsp/HAL/inc -I../pacemaker_bsp -I../pacemaker_bsp/drivers/inc  -pipe -D__hal__ -DALT_NO_INSTRUCTION_EMULATION -DALT_SINGLE_THREADED    -O0 -g -Wall   -mno-hw-div -mhw-mul -mno-hw-mulx -mgpopt=global  -o obj/default/main.o main.c
main.c: In function 'SET_output':
main.c:110:9: warning: passing argument 1 of 'write' makes integer from pointer without a cast [-Wint-conversion]
   write(uart,charA,2);
         ^
In file included from c:\intelfpga\16.1\nios2eds\bin\gnu\h-x86_64-mingw32\nios2-elf\include\stdio.h:29:0,
                 from main.h:11,
                 from main.c:6:
c:\intelfpga\16.1\nios2eds\bin\gnu\h-x86_64-mingw32\nios2-elf\include\sys\unistd.h:197:25: note: expected 'int' but argument is of type 'FILE * {aka struct __sFILE *}'
 _READ_WRITE_RETURN_TYPE _EXFUN(write, (int __fd, const void *__buf, size_t __nbyte ));
                         ^
main.c:119:9: warning: passing argument 1 of 'write' makes integer from pointer without a cast [-Wint-conversion]
   write(uart,charV,2);
         ^
In file included from c:\intelfpga\16.1\nios2eds\bin\gnu\h-x86_64-mingw32\nios2-elf\include\stdio.h:29:0,
                 from main.h:11,
                 from main.c:6:
c:\intelfpga\16.1\nios2eds\bin\gnu\h-x86_64-mingw32\nios2-elf\include\sys\unistd.h:197:25: note: expected 'int' but argument is of type 'FILE * {aka struct __sFILE *}'
 _READ_WRITE_RETURN_TYPE _EXFUN(write, (int __fd, const void *__buf, size_t __nbyte ));
                         ^
main.c: In function 'main':
main.c:156:2: warning: implicit declaration of function 'alt_irq_register' [-Wimplicit-function-declaration]
  alt_irq_register(BUTTONS_IRQ, context, button_interrupt);
  ^
main.c:159:7: warning: assignment makes pointer from integer without a cast [-Wint-conversion]
  uart = open(UART_NAME,(O_NONBLOCK | O_RDWR));
       ^
main.c:185:8: warning: passing argument 1 of 'close' makes integer from pointer without a cast [-Wint-conversion]
  close(uart);
        ^
In file included from c:\intelfpga\16.1\nios2eds\bin\gnu\h-x86_64-mingw32\nios2-elf\include\stdio.h:29:0,
                 from main.h:11,
                 from main.c:6:
c:\intelfpga\16.1\nios2eds\bin\gnu\h-x86_64-mingw32\nios2-elf\include\sys\unistd.h:30:9: note: expected 'int' but argument is of type 'FILE * {aka struct __sFILE *}'
 int     _EXFUN(close, (int __fildes ));
         ^
Info: Linking pacemaker.elf
nios2-elf-g++  -T'../pacemaker_bsp/linker.x' -msys-crt0='../pacemaker_bsp/obj/HAL/src/crt0.o' -msys-lib=hal_bsp -L../pacemaker_bsp   -Wl,-Map=pacemaker.map   -O0 -g -Wall   -mno-hw-div -mhw-mul -mno-hw-mulx -mgpopt=global  -o pacemaker.elf obj/default/main.o obj/default/pacemakersc.o obj/default/timers.o obj/default/uart.o -lm -msys-lib=m
nios2-elf-insert pacemaker.elf --thread_model hal --cpu_name cpu --qsys true --simulation_enabled false --id 308784078 --sidp 0x0 --timestamp 1502336826 --stderr_dev jtag_uart --stdin_dev jtag_uart --stdout_dev jtag_uart --sopc_system_name nios2_system --quartus_project_dir "D:/pacemaker" --sopcinfo D:/pacemaker/nios_workspace/pacemaker_bsp/../../nios2_system.sopcinfo
Info: (pacemaker.elf) 49 KBytes program size (code + initialized data).
Info:                 8135 KBytes free for stack + heap.
Info: Creating pacemaker.objdump
nios2-elf-objdump --disassemble --syms --all-header --source pacemaker.elf >pacemaker.objdump
[pacemaker build complete]
18:51:28 **** Incremental Build of configuration Nios II for project pacemaker ****
make all 
Info: Building ../pacemaker_bsp
C:/intelFPGA/16.1/nios2eds/bin/gnu/H-x86_64-mingw32/bin/make --no-print-directory -C ../pacemaker_bsp
[BSP build complete]
[pacemaker build complete]
18:52:19 **** Build of configuration Nios II for project pacemaker ****
make all 
Info: Building ../pacemaker_bsp
C:/intelFPGA/16.1/nios2eds/bin/gnu/H-x86_64-mingw32/bin/make --no-print-directory -C ../pacemaker_bsp
[BSP build complete]
Info: Compiling main.c to obj/default/main.o
nios2-elf-gcc -xc -MP -MMD -c -I../pacemaker_bsp/HAL/inc -I../pacemaker_bsp -I../pacemaker_bsp/drivers/inc  -pipe -D__hal__ -DALT_NO_INSTRUCTION_EMULATION -DALT_SINGLE_THREADED    -O0 -g -Wall   -mno-hw-div -mhw-mul -mno-hw-mulx -mgpopt=global  -o obj/default/main.o main.c
main.c: In function 'SET_output':
main.c:110:9: warning: passing argument 1 of 'write' makes integer from pointer without a cast [-Wint-conversion]
   write(uart,charA,2);
         ^
In file included from c:\intelfpga\16.1\nios2eds\bin\gnu\h-x86_64-mingw32\nios2-elf\include\stdio.h:29:0,
                 from main.h:11,
                 from main.c:6:
c:\intelfpga\16.1\nios2eds\bin\gnu\h-x86_64-mingw32\nios2-elf\include\sys\unistd.h:197:25: note: expected 'int' but argument is of type 'FILE * {aka struct __sFILE *}'
 _READ_WRITE_RETURN_TYPE _EXFUN(write, (int __fd, const void *__buf, size_t __nbyte ));
                         ^
main.c:119:9: warning: passing argument 1 of 'write' makes integer from pointer without a cast [-Wint-conversion]
   write(uart,charV,2);
         ^
In file included from c:\intelfpga\16.1\nios2eds\bin\gnu\h-x86_64-mingw32\nios2-elf\include\stdio.h:29:0,
                 from main.h:11,
                 from main.c:6:
c:\intelfpga\16.1\nios2eds\bin\gnu\h-x86_64-mingw32\nios2-elf\include\sys\unistd.h:197:25: note: expected 'int' but argument is of type 'FILE * {aka struct __sFILE *}'
 _READ_WRITE_RETURN_TYPE _EXFUN(write, (int __fd, const void *__buf, size_t __nbyte ));
                         ^
main.c: In function 'main':
main.c:156:2: warning: implicit declaration of function 'alt_irq_register' [-Wimplicit-function-declaration]
  alt_irq_register(BUTTONS_IRQ, context, button_interrupt);
  ^
main.c:159:7: warning: assignment makes pointer from integer without a cast [-Wint-conversion]
  uart = open(UART_NAME,(O_NONBLOCK | O_RDWR));
       ^
main.c:185:8: warning: passing argument 1 of 'close' makes integer from pointer without a cast [-Wint-conversion]
  close(uart);
        ^
In file included from c:\intelfpga\16.1\nios2eds\bin\gnu\h-x86_64-mingw32\nios2-elf\include\stdio.h:29:0,
                 from main.h:11,
                 from main.c:6:
c:\intelfpga\16.1\nios2eds\bin\gnu\h-x86_64-mingw32\nios2-elf\include\sys\unistd.h:30:9: note: expected 'int' but argument is of type 'FILE * {aka struct __sFILE *}'
 int     _EXFUN(close, (int __fildes ));
         ^
Info: Linking pacemaker.elf
nios2-elf-g++  -T'../pacemaker_bsp/linker.x' -msys-crt0='../pacemaker_bsp/obj/HAL/src/crt0.o' -msys-lib=hal_bsp -L../pacemaker_bsp   -Wl,-Map=pacemaker.map   -O0 -g -Wall   -mno-hw-div -mhw-mul -mno-hw-mulx -mgpopt=global  -o pacemaker.elf obj/default/main.o obj/default/pacemakersc.o obj/default/timers.o obj/default/uart.o -lm -msys-lib=m
nios2-elf-insert pacemaker.elf --thread_model hal --cpu_name cpu --qsys true --simulation_enabled false --id 308784078 --sidp 0x0 --timestamp 1502336826 --stderr_dev jtag_uart --stdin_dev jtag_uart --stdout_dev jtag_uart --sopc_system_name nios2_system --quartus_project_dir "D:/pacemaker" --sopcinfo D:/pacemaker/nios_workspace/pacemaker_bsp/../../nios2_system.sopcinfo
Info: (pacemaker.elf) 49 KBytes program size (code + initialized data).
Info:                 8135 KBytes free for stack + heap.
Info: Creating pacemaker.objdump
nios2-elf-objdump --disassemble --syms --all-header --source pacemaker.elf >pacemaker.objdump
[pacemaker build complete]
18:52:22 **** Incremental Build of configuration Nios II for project pacemaker ****
make all 
Info: Building ../pacemaker_bsp
C:/intelFPGA/16.1/nios2eds/bin/gnu/H-x86_64-mingw32/bin/make --no-print-directory -C ../pacemaker_bsp
[BSP build complete]
[pacemaker build complete]
18:57:34 **** Build of configuration Nios II for project pacemaker ****
make all 
Info: Building ../pacemaker_bsp
C:/intelFPGA/16.1/nios2eds/bin/gnu/H-x86_64-mingw32/bin/make --no-print-directory -C ../pacemaker_bsp
[BSP build complete]
[pacemaker build complete]
18:57:36 **** Incremental Build of configuration Nios II for project pacemaker ****
make all 
Info: Building ../pacemaker_bsp
C:/intelFPGA/16.1/nios2eds/bin/gnu/H-x86_64-mingw32/bin/make --no-print-directory -C ../pacemaker_bsp
[BSP build complete]
[pacemaker build complete]
19:03:22 **** Build of configuration Nios II for project pacemaker ****
make all 
Info: Building ../pacemaker_bsp
C:/intelFPGA/16.1/nios2eds/bin/gnu/H-x86_64-mingw32/bin/make --no-print-directory -C ../pacemaker_bsp
[BSP build complete]
Info: Compiling uart.c to obj/default/uart.o
nios2-elf-gcc -xc -MP -MMD -c -I../pacemaker_bsp/HAL/inc -I../pacemaker_bsp -I../pacemaker_bsp/drivers/inc  -pipe -D__hal__ -DALT_NO_INSTRUCTION_EMULATION -DALT_SINGLE_THREADED    -O0 -g -Wall   -mno-hw-div -mhw-mul -mno-hw-mulx -mgpopt=global  -o obj/default/uart.o uart.c
uart.c: In function 'checkuart':
uart.c:11:6: warning: implicit declaration of function 'read' [-Wimplicit-function-declaration]
  if (read(uart,byte,1) > 0){
      ^
Info: Linking pacemaker.elf
nios2-elf-g++  -T'../pacemaker_bsp/linker.x' -msys-crt0='../pacemaker_bsp/obj/HAL/src/crt0.o' -msys-lib=hal_bsp -L../pacemaker_bsp   -Wl,-Map=pacemaker.map   -O0 -g -Wall   -mno-hw-div -mhw-mul -mno-hw-mulx -mgpopt=global  -o pacemaker.elf obj/default/main.o obj/default/pacemakersc.o obj/default/timers.o obj/default/uart.o -lm -msys-lib=m
nios2-elf-insert pacemaker.elf --thread_model hal --cpu_name cpu --qsys true --simulation_enabled false --id 308784078 --sidp 0x0 --timestamp 1502336826 --stderr_dev jtag_uart --stdin_dev jtag_uart --stdout_dev jtag_uart --sopc_system_name nios2_system --quartus_project_dir "D:/pacemaker" --sopcinfo D:/pacemaker/nios_workspace/pacemaker_bsp/../../nios2_system.sopcinfo
Info: (pacemaker.elf) 49 KBytes program size (code + initialized data).
Info:                 8135 KBytes free for stack + heap.
Info: Creating pacemaker.objdump
nios2-elf-objdump --disassemble --syms --all-header --source pacemaker.elf >pacemaker.objdump
[pacemaker build complete]
19:03:26 **** Incremental Build of configuration Nios II for project pacemaker ****
make all 
Info: Building ../pacemaker_bsp
C:/intelFPGA/16.1/nios2eds/bin/gnu/H-x86_64-mingw32/bin/make --no-print-directory -C ../pacemaker_bsp
[BSP build complete]
[pacemaker build complete]
19:05:01 **** Build of configuration Nios II for project pacemaker ****
make all 
Info: Building ../pacemaker_bsp
C:/intelFPGA/16.1/nios2eds/bin/gnu/H-x86_64-mingw32/bin/make --no-print-directory -C ../pacemaker_bsp
[BSP build complete]
[pacemaker build complete]
19:11:24 **** Build of configuration Nios II for project pacemaker ****
make all 
Info: Building ../pacemaker_bsp
C:/intelFPGA/16.1/nios2eds/bin/gnu/H-x86_64-mingw32/bin/make --no-print-directory -C ../pacemaker_bsp
[BSP build complete]
Info: Compiling pacemakersc.c to obj/default/pacemakersc.o
nios2-elf-gcc -xc -MP -MMD -c -I../pacemaker_bsp/HAL/inc -I../pacemaker_bsp -I../pacemaker_bsp/drivers/inc  -pipe -D__hal__ -DALT_NO_INSTRUCTION_EMULATION -DALT_SINGLE_THREADED    -O0 -g -Wall   -mno-hw-div -mhw-mul -mno-hw-mulx -mgpopt=global  -o obj/default/pacemakersc.o pacemakersc.c
pacemakersc.c:2:1: warning: "/*" within comment [-Wcomment]
 /*****************************************************************************/
 ^
Info: Linking pacemaker.elf
nios2-elf-g++  -T'../pacemaker_bsp/linker.x' -msys-crt0='../pacemaker_bsp/obj/HAL/src/crt0.o' -msys-lib=hal_bsp -L../pacemaker_bsp   -Wl,-Map=pacemaker.map   -O0 -g -Wall   -mno-hw-div -mhw-mul -mno-hw-mulx -mgpopt=global  -o pacemaker.elf obj/default/main.o obj/default/pacemakersc.o obj/default/timers.o obj/default/uart.o -lm -msys-lib=m
nios2-elf-insert pacemaker.elf --thread_model hal --cpu_name cpu --qsys true --simulation_enabled false --id 308784078 --sidp 0x0 --timestamp 1502336826 --stderr_dev jtag_uart --stdin_dev jtag_uart --stdout_dev jtag_uart --sopc_system_name nios2_system --quartus_project_dir "D:/pacemaker" --sopcinfo D:/pacemaker/nios_workspace/pacemaker_bsp/../../nios2_system.sopcinfo
Info: (pacemaker.elf) 49 KBytes program size (code + initialized data).
Info:                 8135 KBytes free for stack + heap.
Info: Creating pacemaker.objdump
nios2-elf-objdump --disassemble --syms --all-header --source pacemaker.elf >pacemaker.objdump
[pacemaker build complete]
19:11:28 **** Incremental Build of configuration Nios II for project pacemaker ****
make all 
Info: Building ../pacemaker_bsp
C:/intelFPGA/16.1/nios2eds/bin/gnu/H-x86_64-mingw32/bin/make --no-print-directory -C ../pacemaker_bsp
[BSP build complete]
[pacemaker build complete]
19:14:36 **** Build of configuration Nios II for project pacemaker ****
make all 
Info: Building ../pacemaker_bsp
C:/intelFPGA/16.1/nios2eds/bin/gnu/H-x86_64-mingw32/bin/make --no-print-directory -C ../pacemaker_bsp
[BSP build complete]
[pacemaker build complete]
19:14:38 **** Incremental Build of configuration Nios II for project pacemaker ****
make all 
Info: Building ../pacemaker_bsp
C:/intelFPGA/16.1/nios2eds/bin/gnu/H-x86_64-mingw32/bin/make --no-print-directory -C ../pacemaker_bsp
[BSP build complete]
[pacemaker build complete]
19:17:09 **** Build of configuration Nios II for project pacemaker ****
make all 
Info: Building ../pacemaker_bsp
C:/intelFPGA/16.1/nios2eds/bin/gnu/H-x86_64-mingw32/bin/make --no-print-directory -C ../pacemaker_bsp
[BSP build complete]
Info: Compiling main.c to obj/default/main.o
nios2-elf-gcc -xc -MP -MMD -c -I../pacemaker_bsp/HAL/inc -I../pacemaker_bsp -I../pacemaker_bsp/drivers/inc  -pipe -D__hal__ -DALT_NO_INSTRUCTION_EMULATION -DALT_SINGLE_THREADED    -O0 -g -Wall   -mno-hw-div -mhw-mul -mno-hw-mulx -mgpopt=global  -o obj/default/main.o main.c
main.c: In function 'SET_output':
main.c:111:9: warning: passing argument 1 of 'write' makes integer from pointer without a cast [-Wint-conversion]
   write(uart,charA,2);
         ^
In file included from c:\intelfpga\16.1\nios2eds\bin\gnu\h-x86_64-mingw32\nios2-elf\include\stdio.h:29:0,
                 from main.h:11,
                 from main.c:6:
c:\intelfpga\16.1\nios2eds\bin\gnu\h-x86_64-mingw32\nios2-elf\include\sys\unistd.h:197:25: note: expected 'int' but argument is of type 'FILE * {aka struct __sFILE *}'
 _READ_WRITE_RETURN_TYPE _EXFUN(write, (int __fd, const void *__buf, size_t __nbyte ));
                         ^
main.c:120:9: warning: passing argument 1 of 'write' makes integer from pointer without a cast [-Wint-conversion]
   write(uart,charV,2);
         ^
In file included from c:\intelfpga\16.1\nios2eds\bin\gnu\h-x86_64-mingw32\nios2-elf\include\stdio.h:29:0,
                 from main.h:11,
                 from main.c:6:
c:\intelfpga\16.1\nios2eds\bin\gnu\h-x86_64-mingw32\nios2-elf\include\sys\unistd.h:197:25: note: expected 'int' but argument is of type 'FILE * {aka struct __sFILE *}'
 _READ_WRITE_RETURN_TYPE _EXFUN(write, (int __fd, const void *__buf, size_t __nbyte ));
                         ^
main.c: In function 'main':
main.c:157:2: warning: implicit declaration of function 'alt_irq_register' [-Wimplicit-function-declaration]
  alt_irq_register(BUTTONS_IRQ, context, button_interrupt);
  ^
main.c:160:7: warning: assignment makes pointer from integer without a cast [-Wint-conversion]
  uart = open(UART_NAME,(O_NONBLOCK | O_RDWR));
       ^
main.c:186:8: warning: passing argument 1 of 'close' makes integer from pointer without a cast [-Wint-conversion]
  close(uart);
        ^
In file included from c:\intelfpga\16.1\nios2eds\bin\gnu\h-x86_64-mingw32\nios2-elf\include\stdio.h:29:0,
                 from main.h:11,
                 from main.c:6:
c:\intelfpga\16.1\nios2eds\bin\gnu\h-x86_64-mingw32\nios2-elf\include\sys\unistd.h:30:9: note: expected 'int' but argument is of type 'FILE * {aka struct __sFILE *}'
 int     _EXFUN(close, (int __fildes ));
         ^
Info: Linking pacemaker.elf
nios2-elf-g++  -T'../pacemaker_bsp/linker.x' -msys-crt0='../pacemaker_bsp/obj/HAL/src/crt0.o' -msys-lib=hal_bsp -L../pacemaker_bsp   -Wl,-Map=pacemaker.map   -O0 -g -Wall   -mno-hw-div -mhw-mul -mno-hw-mulx -mgpopt=global  -o pacemaker.elf obj/default/main.o obj/default/pacemakersc.o obj/default/timers.o obj/default/uart.o -lm -msys-lib=m
nios2-elf-insert pacemaker.elf --thread_model hal --cpu_name cpu --qsys true --simulation_enabled false --id 308784078 --sidp 0x0 --timestamp 1502336826 --stderr_dev jtag_uart --stdin_dev jtag_uart --stdout_dev jtag_uart --sopc_system_name nios2_system --quartus_project_dir "D:/pacemaker" --sopcinfo D:/pacemaker/nios_workspace/pacemaker_bsp/../../nios2_system.sopcinfo
Info: (pacemaker.elf) 49 KBytes program size (code + initialized data).
Info:                 8135 KBytes free for stack + heap.
Info: Creating pacemaker.objdump
nios2-elf-objdump --disassemble --syms --all-header --source pacemaker.elf >pacemaker.objdump
[pacemaker build complete]
19:17:13 **** Incremental Build of configuration Nios II for project pacemaker ****
make all 
Info: Building ../pacemaker_bsp
C:/intelFPGA/16.1/nios2eds/bin/gnu/H-x86_64-mingw32/bin/make --no-print-directory -C ../pacemaker_bsp
[BSP build complete]
[pacemaker build complete]
20:14:04 **** Build of configuration Nios II for project pacemaker ****
make all 
Info: Building ../pacemaker_bsp
C:/intelFPGA/16.1/nios2eds/bin/gnu/H-x86_64-mingw32/bin/make --no-print-directory -C ../pacemaker_bsp
[BSP build complete]
[pacemaker build complete]
20:14:06 **** Incremental Build of configuration Nios II for project pacemaker ****
make all 
Info: Building ../pacemaker_bsp
C:/intelFPGA/16.1/nios2eds/bin/gnu/H-x86_64-mingw32/bin/make --no-print-directory -C ../pacemaker_bsp
[BSP build complete]
[pacemaker build complete]
20:16:35 **** Build of configuration Nios II for project pacemaker ****
make all 
Info: Building ../pacemaker_bsp
C:/intelFPGA/16.1/nios2eds/bin/gnu/H-x86_64-mingw32/bin/make --no-print-directory -C ../pacemaker_bsp
[BSP build complete]
Info: Compiling main.c to obj/default/main.o
nios2-elf-gcc -xc -MP -MMD -c -I../pacemaker_bsp/HAL/inc -I../pacemaker_bsp -I../pacemaker_bsp/drivers/inc  -pipe -D__hal__ -DALT_NO_INSTRUCTION_EMULATION -DALT_SINGLE_THREADED    -O0 -g -Wall   -mno-hw-div -mhw-mul -mno-hw-mulx -mgpopt=global  -o obj/default/main.o main.c
main.c: In function 'SET_output':
main.c:113:9: warning: passing argument 1 of 'write' makes integer from pointer without a cast [-Wint-conversion]
   write(uart,charA,2);
         ^
In file included from c:\intelfpga\16.1\nios2eds\bin\gnu\h-x86_64-mingw32\nios2-elf\include\stdio.h:29:0,
                 from main.h:11,
                 from main.c:6:
c:\intelfpga\16.1\nios2eds\bin\gnu\h-x86_64-mingw32\nios2-elf\include\sys\unistd.h:197:25: note: expected 'int' but argument is of type 'FILE * {aka struct __sFILE *}'
 _READ_WRITE_RETURN_TYPE _EXFUN(write, (int __fd, const void *__buf, size_t __nbyte ));
                         ^
main.c:122:9: warning: passing argument 1 of 'write' makes integer from pointer without a cast [-Wint-conversion]
   write(uart,charV,2);
         ^
In file included from c:\intelfpga\16.1\nios2eds\bin\gnu\h-x86_64-mingw32\nios2-elf\include\stdio.h:29:0,
                 from main.h:11,
                 from main.c:6:
c:\intelfpga\16.1\nios2eds\bin\gnu\h-x86_64-mingw32\nios2-elf\include\sys\unistd.h:197:25: note: expected 'int' but argument is of type 'FILE * {aka struct __sFILE *}'
 _READ_WRITE_RETURN_TYPE _EXFUN(write, (int __fd, const void *__buf, size_t __nbyte ));
                         ^
main.c: In function 'main':
main.c:159:2: warning: implicit declaration of function 'alt_irq_register' [-Wimplicit-function-declaration]
  alt_irq_register(BUTTONS_IRQ, context, button_interrupt);
  ^
main.c:162:7: warning: assignment makes pointer from integer without a cast [-Wint-conversion]
  uart = open(UART_NAME,(O_NONBLOCK | O_RDWR));
       ^
main.c:188:8: warning: passing argument 1 of 'close' makes integer from pointer without a cast [-Wint-conversion]
  close(uart);
        ^
In file included from c:\intelfpga\16.1\nios2eds\bin\gnu\h-x86_64-mingw32\nios2-elf\include\stdio.h:29:0,
                 from main.h:11,
                 from main.c:6:
c:\intelfpga\16.1\nios2eds\bin\gnu\h-x86_64-mingw32\nios2-elf\include\sys\unistd.h:30:9: note: expected 'int' but argument is of type 'FILE * {aka struct __sFILE *}'
 int     _EXFUN(close, (int __fildes ));
         ^
Info: Linking pacemaker.elf
nios2-elf-g++  -T'../pacemaker_bsp/linker.x' -msys-crt0='../pacemaker_bsp/obj/HAL/src/crt0.o' -msys-lib=hal_bsp -L../pacemaker_bsp   -Wl,-Map=pacemaker.map   -O0 -g -Wall   -mno-hw-div -mhw-mul -mno-hw-mulx -mgpopt=global  -o pacemaker.elf obj/default/main.o obj/default/pacemakersc.o obj/default/timers.o obj/default/uart.o -lm -msys-lib=m
nios2-elf-insert pacemaker.elf --thread_model hal --cpu_name cpu --qsys true --simulation_enabled false --id 308784078 --sidp 0x0 --timestamp 1502336826 --stderr_dev jtag_uart --stdin_dev jtag_uart --stdout_dev jtag_uart --sopc_system_name nios2_system --quartus_project_dir "D:/pacemaker" --sopcinfo D:/pacemaker/nios_workspace/pacemaker_bsp/../../nios2_system.sopcinfo
Info: (pacemaker.elf) 49 KBytes program size (code + initialized data).
Info:                 8135 KBytes free for stack + heap.
Info: Creating pacemaker.objdump
nios2-elf-objdump --disassemble --syms --all-header --source pacemaker.elf >pacemaker.objdump
[pacemaker build complete]
20:16:41 **** Incremental Build of configuration Nios II for project pacemaker ****
make all 
Info: Building ../pacemaker_bsp
C:/intelFPGA/16.1/nios2eds/bin/gnu/H-x86_64-mingw32/bin/make --no-print-directory -C ../pacemaker_bsp
[BSP build complete]
Info: Compiling main.c to obj/default/main.o
nios2-elf-gcc -xc -MP -MMD -c -I../pacemaker_bsp/HAL/inc -I../pacemaker_bsp -I../pacemaker_bsp/drivers/inc  -pipe -D__hal__ -DALT_NO_INSTRUCTION_EMULATION -DALT_SINGLE_THREADED    -O0 -g -Wall   -mno-hw-div -mhw-mul -mno-hw-mulx -mgpopt=global  -o obj/default/main.o main.c
main.c: In function 'SET_output':
main.c:113:9: warning: passing argument 1 of 'write' makes integer from pointer without a cast [-Wint-conversion]
   write(uart,charA,2);
         ^
In file included from c:\intelfpga\16.1\nios2eds\bin\gnu\h-x86_64-mingw32\nios2-elf\include\stdio.h:29:0,
                 from main.h:11,
                 from main.c:6:
c:\intelfpga\16.1\nios2eds\bin\gnu\h-x86_64-mingw32\nios2-elf\include\sys\unistd.h:197:25: note: expected 'int' but argument is of type 'FILE * {aka struct __sFILE *}'
 _READ_WRITE_RETURN_TYPE _EXFUN(write, (int __fd, const void *__buf, size_t __nbyte ));
                         ^
main.c:122:9: warning: passing argument 1 of 'write' makes integer from pointer without a cast [-Wint-conversion]
   write(uart,charV,2);
         ^
In file included from c:\intelfpga\16.1\nios2eds\bin\gnu\h-x86_64-mingw32\nios2-elf\include\stdio.h:29:0,
                 from main.h:11,
                 from main.c:6:
c:\intelfpga\16.1\nios2eds\bin\gnu\h-x86_64-mingw32\nios2-elf\include\sys\unistd.h:197:25: note: expected 'int' but argument is of type 'FILE * {aka struct __sFILE *}'
 _READ_WRITE_RETURN_TYPE _EXFUN(write, (int __fd, const void *__buf, size_t __nbyte ));
                         ^
main.c: In function 'main':
main.c:159:2: warning: implicit declaration of function 'alt_irq_register' [-Wimplicit-function-declaration]
  alt_irq_register(BUTTONS_IRQ, context, button_interrupt);
  ^
main.c:162:7: warning: assignment makes pointer from integer without a cast [-Wint-conversion]
  uart = open(UART_NAME,(O_NONBLOCK | O_RDWR));
       ^
main.c:188:8: warning: passing argument 1 of 'close' makes integer from pointer without a cast [-Wint-conversion]
  close(uart);
        ^
In file included from c:\intelfpga\16.1\nios2eds\bin\gnu\h-x86_64-mingw32\nios2-elf\include\stdio.h:29:0,
                 from main.h:11,
                 from main.c:6:
c:\intelfpga\16.1\nios2eds\bin\gnu\h-x86_64-mingw32\nios2-elf\include\sys\unistd.h:30:9: note: expected 'int' but argument is of type 'FILE * {aka struct __sFILE *}'
 int     _EXFUN(close, (int __fildes ));
         ^
Info: Linking pacemaker.elf
nios2-elf-g++  -T'../pacemaker_bsp/linker.x' -msys-crt0='../pacemaker_bsp/obj/HAL/src/crt0.o' -msys-lib=hal_bsp -L../pacemaker_bsp   -Wl,-Map=pacemaker.map   -O0 -g -Wall   -mno-hw-div -mhw-mul -mno-hw-mulx -mgpopt=global  -o pacemaker.elf obj/default/main.o obj/default/pacemakersc.o obj/default/timers.o obj/default/uart.o -lm -msys-lib=m
nios2-elf-insert pacemaker.elf --thread_model hal --cpu_name cpu --qsys true --simulation_enabled false --id 308784078 --sidp 0x0 --timestamp 1502336826 --stderr_dev jtag_uart --stdin_dev jtag_uart --stdout_dev jtag_uart --sopc_system_name nios2_system --quartus_project_dir "D:/pacemaker" --sopcinfo D:/pacemaker/nios_workspace/pacemaker_bsp/../../nios2_system.sopcinfo
Info: (pacemaker.elf) 49 KBytes program size (code + initialized data).
Info:                 8135 KBytes free for stack + heap.
Info: Creating pacemaker.objdump
nios2-elf-objdump --disassemble --syms --all-header --source pacemaker.elf >pacemaker.objdump
[pacemaker build complete]
20:16:45 **** Build of configuration Nios II for project pacemaker ****
make all 
Info: Building ../pacemaker_bsp
C:/intelFPGA/16.1/nios2eds/bin/gnu/H-x86_64-mingw32/bin/make --no-print-directory -C ../pacemaker_bsp
[BSP build complete]
[pacemaker build complete]
20:16:47 **** Incremental Build of configuration Nios II for project pacemaker ****
make all 
Info: Building ../pacemaker_bsp
C:/intelFPGA/16.1/nios2eds/bin/gnu/H-x86_64-mingw32/bin/make --no-print-directory -C ../pacemaker_bsp
[BSP build complete]
[pacemaker build complete]
20:20:54 **** Build of configuration Nios II for project pacemaker ****
make all 
Info: Building ../pacemaker_bsp
C:/intelFPGA/16.1/nios2eds/bin/gnu/H-x86_64-mingw32/bin/make --no-print-directory -C ../pacemaker_bsp
[BSP build complete]
[pacemaker build complete]
20:20:56 **** Incremental Build of configuration Nios II for project pacemaker ****
make all 
Info: Building ../pacemaker_bsp
C:/intelFPGA/16.1/nios2eds/bin/gnu/H-x86_64-mingw32/bin/make --no-print-directory -C ../pacemaker_bsp
[BSP build complete]
[pacemaker build complete]
20:24:46 **** Build of configuration Nios II for project pacemaker ****
make all 
Info: Building ../pacemaker_bsp
C:/intelFPGA/16.1/nios2eds/bin/gnu/H-x86_64-mingw32/bin/make --no-print-directory -C ../pacemaker_bsp
[BSP build complete]
Info: Compiling main.c to obj/default/main.o
nios2-elf-gcc -xc -MP -MMD -c -I../pacemaker_bsp/HAL/inc -I../pacemaker_bsp -I../pacemaker_bsp/drivers/inc  -pipe -D__hal__ -DALT_NO_INSTRUCTION_EMULATION -DALT_SINGLE_THREADED    -O0 -g -Wall   -mno-hw-div -mhw-mul -mno-hw-mulx -mgpopt=global  -o obj/default/main.o main.c
main.c: In function 'SET_output':
main.c:113:9: warning: passing argument 1 of 'write' makes integer from pointer without a cast [-Wint-conversion]
   write(uart,charA,2);
         ^
In file included from c:\intelfpga\16.1\nios2eds\bin\gnu\h-x86_64-mingw32\nios2-elf\include\stdio.h:29:0,
                 from main.h:11,
                 from main.c:6:
c:\intelfpga\16.1\nios2eds\bin\gnu\h-x86_64-mingw32\nios2-elf\include\sys\unistd.h:197:25: note: expected 'int' but argument is of type 'FILE * {aka struct __sFILE *}'
 _READ_WRITE_RETURN_TYPE _EXFUN(write, (int __fd, const void *__buf, size_t __nbyte ));
                         ^
main.c:122:9: warning: passing argument 1 of 'write' makes integer from pointer without a cast [-Wint-conversion]
   write(uart,charV,2);
         ^
In file included from c:\intelfpga\16.1\nios2eds\bin\gnu\h-x86_64-mingw32\nios2-elf\include\stdio.h:29:0,
                 from main.h:11,
                 from main.c:6:
c:\intelfpga\16.1\nios2eds\bin\gnu\h-x86_64-mingw32\nios2-elf\include\sys\unistd.h:197:25: note: expected 'int' but argument is of type 'FILE * {aka struct __sFILE *}'
 _READ_WRITE_RETURN_TYPE _EXFUN(write, (int __fd, const void *__buf, size_t __nbyte ));
                         ^
main.c: In function 'main':
main.c:159:2: warning: implicit declaration of function 'alt_irq_register' [-Wimplicit-function-declaration]
  alt_irq_register(BUTTONS_IRQ, context, button_interrupt);
  ^
main.c:162:7: warning: assignment makes pointer from integer without a cast [-Wint-conversion]
  uart = open(UART_NAME,(O_NONBLOCK | O_RDWR));
       ^
main.c:188:8: warning: passing argument 1 of 'close' makes integer from pointer without a cast [-Wint-conversion]
  close(uart);
        ^
In file included from c:\intelfpga\16.1\nios2eds\bin\gnu\h-x86_64-mingw32\nios2-elf\include\stdio.h:29:0,
                 from main.h:11,
                 from main.c:6:
c:\intelfpga\16.1\nios2eds\bin\gnu\h-x86_64-mingw32\nios2-elf\include\sys\unistd.h:30:9: note: expected 'int' but argument is of type 'FILE * {aka struct __sFILE *}'
 int     _EXFUN(close, (int __fildes ));
         ^
Info: Linking pacemaker.elf
nios2-elf-g++  -T'../pacemaker_bsp/linker.x' -msys-crt0='../pacemaker_bsp/obj/HAL/src/crt0.o' -msys-lib=hal_bsp -L../pacemaker_bsp   -Wl,-Map=pacemaker.map   -O0 -g -Wall   -mno-hw-div -mhw-mul -mno-hw-mulx -mgpopt=global  -o pacemaker.elf obj/default/main.o obj/default/pacemakersc.o obj/default/timers.o obj/default/uart.o -lm -msys-lib=m
nios2-elf-insert pacemaker.elf --thread_model hal --cpu_name cpu --qsys true --simulation_enabled false --id 308784078 --sidp 0x0 --timestamp 1502336826 --stderr_dev jtag_uart --stdin_dev jtag_uart --stdout_dev jtag_uart --sopc_system_name nios2_system --quartus_project_dir "D:/pacemaker" --sopcinfo D:/pacemaker/nios_workspace/pacemaker_bsp/../../nios2_system.sopcinfo
Info: (pacemaker.elf) 49 KBytes program size (code + initialized data).
Info:                 8135 KBytes free for stack + heap.
Info: Creating pacemaker.objdump
nios2-elf-objdump --disassemble --syms --all-header --source pacemaker.elf >pacemaker.objdump
[pacemaker build complete]
20:24:50 **** Incremental Build of configuration Nios II for project pacemaker ****
make all 
Info: Building ../pacemaker_bsp
C:/intelFPGA/16.1/nios2eds/bin/gnu/H-x86_64-mingw32/bin/make --no-print-directory -C ../pacemaker_bsp
[BSP build complete]
[pacemaker build complete]
20:28:44 **** Build of configuration Nios II for project pacemaker ****
make all 
Info: Building ../pacemaker_bsp
C:/intelFPGA/16.1/nios2eds/bin/gnu/H-x86_64-mingw32/bin/make --no-print-directory -C ../pacemaker_bsp
[BSP build complete]
[pacemaker build complete]
20:28:48 **** Incremental Build of configuration Nios II for project pacemaker ****
make all 
Info: Building ../pacemaker_bsp
C:/intelFPGA/16.1/nios2eds/bin/gnu/H-x86_64-mingw32/bin/make --no-print-directory -C ../pacemaker_bsp
[BSP build complete]
Info: Compiling main.c to obj/default/main.o
nios2-elf-gcc -xc -MP -MMD -c -I../pacemaker_bsp/HAL/inc -I../pacemaker_bsp -I../pacemaker_bsp/drivers/inc  -pipe -D__hal__ -DALT_NO_INSTRUCTION_EMULATION -DALT_SINGLE_THREADED    -O0 -g -Wall   -mno-hw-div -mhw-mul -mno-hw-mulx -mgpopt=global  -o obj/default/main.o main.c
main.c: In function 'SET_output':
main.c:113:9: warning: passing argument 1 of 'write' makes integer from pointer without a cast [-Wint-conversion]
   write(uart,charA,2);
         ^
In file included from c:\intelfpga\16.1\nios2eds\bin\gnu\h-x86_64-mingw32\nios2-elf\include\stdio.h:29:0,
                 from main.h:11,
                 from main.c:6:
c:\intelfpga\16.1\nios2eds\bin\gnu\h-x86_64-mingw32\nios2-elf\include\sys\unistd.h:197:25: note: expected 'int' but argument is of type 'FILE * {aka struct __sFILE *}'
 _READ_WRITE_RETURN_TYPE _EXFUN(write, (int __fd, const void *__buf, size_t __nbyte ));
                         ^
main.c:122:9: warning: passing argument 1 of 'write' makes integer from pointer without a cast [-Wint-conversion]
   write(uart,charV,2);
         ^
In file included from c:\intelfpga\16.1\nios2eds\bin\gnu\h-x86_64-mingw32\nios2-elf\include\stdio.h:29:0,
                 from main.h:11,
                 from main.c:6:
c:\intelfpga\16.1\nios2eds\bin\gnu\h-x86_64-mingw32\nios2-elf\include\sys\unistd.h:197:25: note: expected 'int' but argument is of type 'FILE * {aka struct __sFILE *}'
 _READ_WRITE_RETURN_TYPE _EXFUN(write, (int __fd, const void *__buf, size_t __nbyte ));
                         ^
main.c: In function 'main':
main.c:159:2: warning: implicit declaration of function 'alt_irq_register' [-Wimplicit-function-declaration]
  alt_irq_register(BUTTONS_IRQ, context, button_interrupt);
  ^
main.c:162:7: warning: assignment makes pointer from integer without a cast [-Wint-conversion]
  uart = open(UART_NAME,(O_NONBLOCK | O_RDWR));
       ^
main.c:187:8: warning: passing argument 1 of 'close' makes integer from pointer without a cast [-Wint-conversion]
  close(uart);
        ^
In file included from c:\intelfpga\16.1\nios2eds\bin\gnu\h-x86_64-mingw32\nios2-elf\include\stdio.h:29:0,
                 from main.h:11,
                 from main.c:6:
c:\intelfpga\16.1\nios2eds\bin\gnu\h-x86_64-mingw32\nios2-elf\include\sys\unistd.h:30:9: note: expected 'int' but argument is of type 'FILE * {aka struct __sFILE *}'
 int     _EXFUN(close, (int __fildes ));
         ^
Info: Linking pacemaker.elf
nios2-elf-g++  -T'../pacemaker_bsp/linker.x' -msys-crt0='../pacemaker_bsp/obj/HAL/src/crt0.o' -msys-lib=hal_bsp -L../pacemaker_bsp   -Wl,-Map=pacemaker.map   -O0 -g -Wall   -mno-hw-div -mhw-mul -mno-hw-mulx -mgpopt=global  -o pacemaker.elf obj/default/main.o obj/default/pacemakersc.o obj/default/timers.o obj/default/uart.o -lm -msys-lib=m
nios2-elf-insert pacemaker.elf --thread_model hal --cpu_name cpu --qsys true --simulation_enabled false --id 308784078 --sidp 0x0 --timestamp 1502336826 --stderr_dev jtag_uart --stdin_dev jtag_uart --stdout_dev jtag_uart --sopc_system_name nios2_system --quartus_project_dir "D:/pacemaker" --sopcinfo D:/pacemaker/nios_workspace/pacemaker_bsp/../../nios2_system.sopcinfo
Info: (pacemaker.elf) 49 KBytes program size (code + initialized data).
Info:                 8135 KBytes free for stack + heap.
Info: Creating pacemaker.objdump
nios2-elf-objdump --disassemble --syms --all-header --source pacemaker.elf >pacemaker.objdump
[pacemaker build complete]
20:44:41 **** Build of configuration Nios II for project pacemaker ****
make all 
Info: Building ../pacemaker_bsp
C:/intelFPGA/16.1/nios2eds/bin/gnu/H-x86_64-mingw32/bin/make --no-print-directory -C ../pacemaker_bsp
[BSP build complete]
Info: Compiling pacemakersc.c to obj/default/pacemakersc.o
nios2-elf-gcc -xc -MP -MMD -c -I../pacemaker_bsp/HAL/inc -I../pacemaker_bsp -I../pacemaker_bsp/drivers/inc  -pipe -D__hal__ -DALT_NO_INSTRUCTION_EMULATION -DALT_SINGLE_THREADED    -O0 -g -Wall   -mno-hw-div -mhw-mul -mno-hw-mulx -mgpopt=global  -o obj/default/pacemakersc.o pacemakersc.c
pacemakersc.c:2:1: warning: "/*" within comment [-Wcomment]
 /*****************************************************************************/
 ^
Info: Linking pacemaker.elf
nios2-elf-g++  -T'../pacemaker_bsp/linker.x' -msys-crt0='../pacemaker_bsp/obj/HAL/src/crt0.o' -msys-lib=hal_bsp -L../pacemaker_bsp   -Wl,-Map=pacemaker.map   -O0 -g -Wall   -mno-hw-div -mhw-mul -mno-hw-mulx -mgpopt=global  -o pacemaker.elf obj/default/main.o obj/default/pacemakersc.o obj/default/timers.o obj/default/uart.o -lm -msys-lib=m
nios2-elf-insert pacemaker.elf --thread_model hal --cpu_name cpu --qsys true --simulation_enabled false --id 308784078 --sidp 0x0 --timestamp 1502336826 --stderr_dev jtag_uart --stdin_dev jtag_uart --stdout_dev jtag_uart --sopc_system_name nios2_system --quartus_project_dir "D:/pacemaker" --sopcinfo D:/pacemaker/nios_workspace/pacemaker_bsp/../../nios2_system.sopcinfo
Info: (pacemaker.elf) 50 KBytes program size (code + initialized data).
Info:                 8134 KBytes free for stack + heap.
Info: Creating pacemaker.objdump
nios2-elf-objdump --disassemble --syms --all-header --source pacemaker.elf >pacemaker.objdump
[pacemaker build complete]
20:44:44 **** Incremental Build of configuration Nios II for project pacemaker ****
make all 
Info: Building ../pacemaker_bsp
C:/intelFPGA/16.1/nios2eds/bin/gnu/H-x86_64-mingw32/bin/make --no-print-directory -C ../pacemaker_bsp
[BSP build complete]
[pacemaker build complete]
21:08:30 **** Build of configuration Nios II for project pacemaker ****
make all 
Info: Building ../pacemaker_bsp
C:/intelFPGA/16.1/nios2eds/bin/gnu/H-x86_64-mingw32/bin/make --no-print-directory -C ../pacemaker_bsp
[BSP build complete]
Info: Compiling main.c to obj/default/main.o
nios2-elf-gcc -xc -MP -MMD -c -I../pacemaker_bsp/HAL/inc -I../pacemaker_bsp -I../pacemaker_bsp/drivers/inc  -pipe -D__hal__ -DALT_NO_INSTRUCTION_EMULATION -DALT_SINGLE_THREADED    -O0 -g -Wall   -mno-hw-div -mhw-mul -mno-hw-mulx -mgpopt=global  -o obj/default/main.o main.c
main.c: In function 'SET_output':
main.c:119:9: warning: passing argument 1 of 'write' makes integer from pointer without a cast [-Wint-conversion]
   write(uart,charA,2);
         ^
In file included from c:\intelfpga\16.1\nios2eds\bin\gnu\h-x86_64-mingw32\nios2-elf\include\stdio.h:29:0,
                 from main.h:11,
                 from main.c:6:
c:\intelfpga\16.1\nios2eds\bin\gnu\h-x86_64-mingw32\nios2-elf\include\sys\unistd.h:197:25: note: expected 'int' but argument is of type 'FILE * {aka struct __sFILE *}'
 _READ_WRITE_RETURN_TYPE _EXFUN(write, (int __fd, const void *__buf, size_t __nbyte ));
                         ^
main.c:128:9: warning: passing argument 1 of 'write' makes integer from pointer without a cast [-Wint-conversion]
   write(uart,charV,2);
         ^
In file included from c:\intelfpga\16.1\nios2eds\bin\gnu\h-x86_64-mingw32\nios2-elf\include\stdio.h:29:0,
                 from main.h:11,
                 from main.c:6:
c:\intelfpga\16.1\nios2eds\bin\gnu\h-x86_64-mingw32\nios2-elf\include\sys\unistd.h:197:25: note: expected 'int' but argument is of type 'FILE * {aka struct __sFILE *}'
 _READ_WRITE_RETURN_TYPE _EXFUN(write, (int __fd, const void *__buf, size_t __nbyte ));
                         ^
main.c: In function 'main':
main.c:165:2: warning: implicit declaration of function 'alt_irq_register' [-Wimplicit-function-declaration]
  alt_irq_register(BUTTONS_IRQ, context, button_interrupt);
  ^
main.c:168:7: warning: assignment makes pointer from integer without a cast [-Wint-conversion]
  uart = open(UART_NAME,(O_NONBLOCK | O_RDWR));
       ^
main.c:195:8: warning: passing argument 1 of 'close' makes integer from pointer without a cast [-Wint-conversion]
  close(uart);
        ^
In file included from c:\intelfpga\16.1\nios2eds\bin\gnu\h-x86_64-mingw32\nios2-elf\include\stdio.h:29:0,
                 from main.h:11,
                 from main.c:6:
c:\intelfpga\16.1\nios2eds\bin\gnu\h-x86_64-mingw32\nios2-elf\include\sys\unistd.h:30:9: note: expected 'int' but argument is of type 'FILE * {aka struct __sFILE *}'
 int     _EXFUN(close, (int __fildes ));
         ^
Info: Compiling timers.c to obj/default/timers.o
nios2-elf-gcc -xc -MP -MMD -c -I../pacemaker_bsp/HAL/inc -I../pacemaker_bsp -I../pacemaker_bsp/drivers/inc  -pipe -D__hal__ -DALT_NO_INSTRUCTION_EMULATION -DALT_SINGLE_THREADED    -O0 -g -Wall   -mno-hw-div -mhw-mul -mno-hw-mulx -mgpopt=global  -o obj/default/timers.o timers.c
Info: Compiling uart.c to obj/default/uart.o
nios2-elf-gcc -xc -MP -MMD -c -I../pacemaker_bsp/HAL/inc -I../pacemaker_bsp -I../pacemaker_bsp/drivers/inc  -pipe -D__hal__ -DALT_NO_INSTRUCTION_EMULATION -DALT_SINGLE_THREADED    -O0 -g -Wall   -mno-hw-div -mhw-mul -mno-hw-mulx -mgpopt=global  -o obj/default/uart.o uart.c
uart.c: In function 'checkuart':
uart.c:11:6: warning: implicit declaration of function 'read' [-Wimplicit-function-declaration]
  if (read(uart,byte,1) > 0){
      ^
Info: Linking pacemaker.elf
nios2-elf-g++  -T'../pacemaker_bsp/linker.x' -msys-crt0='../pacemaker_bsp/obj/HAL/src/crt0.o' -msys-lib=hal_bsp -L../pacemaker_bsp   -Wl,-Map=pacemaker.map   -O0 -g -Wall   -mno-hw-div -mhw-mul -mno-hw-mulx -mgpopt=global  -o pacemaker.elf obj/default/main.o obj/default/pacemakersc.o obj/default/timers.o obj/default/uart.o -lm -msys-lib=m
nios2-elf-insert pacemaker.elf --thread_model hal --cpu_name cpu --qsys true --simulation_enabled false --id 308784078 --sidp 0x0 --timestamp 1502336826 --stderr_dev jtag_uart --stdin_dev jtag_uart --stdout_dev jtag_uart --sopc_system_name nios2_system --quartus_project_dir "D:/pacemaker" --sopcinfo D:/pacemaker/nios_workspace/pacemaker_bsp/../../nios2_system.sopcinfo
Info: (pacemaker.elf) 50 KBytes program size (code + initialized data).
Info:                 8134 KBytes free for stack + heap.
Info: Creating pacemaker.objdump
nios2-elf-objdump --disassemble --syms --all-header --source pacemaker.elf >pacemaker.objdump
[pacemaker build complete]
21:08:34 **** Incremental Build of configuration Nios II for project pacemaker ****
make all 
Info: Building ../pacemaker_bsp
C:/intelFPGA/16.1/nios2eds/bin/gnu/H-x86_64-mingw32/bin/make --no-print-directory -C ../pacemaker_bsp
[BSP build complete]
[pacemaker build complete]
21:16:35 **** Build of configuration Nios II for project pacemaker ****
make all 
Info: Building ../pacemaker_bsp
C:/intelFPGA/16.1/nios2eds/bin/gnu/H-x86_64-mingw32/bin/make --no-print-directory -C ../pacemaker_bsp
[BSP build complete]
Info: Compiling main.c to obj/default/main.o
nios2-elf-gcc -xc -MP -MMD -c -I../pacemaker_bsp/HAL/inc -I../pacemaker_bsp -I../pacemaker_bsp/drivers/inc  -pipe -D__hal__ -DALT_NO_INSTRUCTION_EMULATION -DALT_SINGLE_THREADED    -O0 -g -Wall   -mno-hw-div -mhw-mul -mno-hw-mulx -mgpopt=global  -o obj/default/main.o main.c
main.c: In function 'SET_output':
main.c:111:9: warning: passing argument 1 of 'write' makes integer from pointer without a cast [-Wint-conversion]
   write(uart,charA,2);
         ^
In file included from c:\intelfpga\16.1\nios2eds\bin\gnu\h-x86_64-mingw32\nios2-elf\include\stdio.h:29:0,
                 from main.h:11,
                 from main.c:6:
c:\intelfpga\16.1\nios2eds\bin\gnu\h-x86_64-mingw32\nios2-elf\include\sys\unistd.h:197:25: note: expected 'int' but argument is of type 'FILE * {aka struct __sFILE *}'
 _READ_WRITE_RETURN_TYPE _EXFUN(write, (int __fd, const void *__buf, size_t __nbyte ));
                         ^
main.c:120:9: warning: passing argument 1 of 'write' makes integer from pointer without a cast [-Wint-conversion]
   write(uart,charV,2);
         ^
In file included from c:\intelfpga\16.1\nios2eds\bin\gnu\h-x86_64-mingw32\nios2-elf\include\stdio.h:29:0,
                 from main.h:11,
                 from main.c:6:
c:\intelfpga\16.1\nios2eds\bin\gnu\h-x86_64-mingw32\nios2-elf\include\sys\unistd.h:197:25: note: expected 'int' but argument is of type 'FILE * {aka struct __sFILE *}'
 _READ_WRITE_RETURN_TYPE _EXFUN(write, (int __fd, const void *__buf, size_t __nbyte ));
                         ^
main.c: In function 'main':
main.c:157:2: warning: implicit declaration of function 'alt_irq_register' [-Wimplicit-function-declaration]
  alt_irq_register(BUTTONS_IRQ, context, button_interrupt);
  ^
main.c:160:7: warning: assignment makes pointer from integer without a cast [-Wint-conversion]
  uart = open(UART_NAME,(O_NONBLOCK | O_RDWR));
       ^
main.c:184:8: warning: passing argument 1 of 'close' makes integer from pointer without a cast [-Wint-conversion]
  close(uart);
        ^
In file included from c:\intelfpga\16.1\nios2eds\bin\gnu\h-x86_64-mingw32\nios2-elf\include\stdio.h:29:0,
                 from main.h:11,
                 from main.c:6:
c:\intelfpga\16.1\nios2eds\bin\gnu\h-x86_64-mingw32\nios2-elf\include\sys\unistd.h:30:9: note: expected 'int' but argument is of type 'FILE * {aka struct __sFILE *}'
 int     _EXFUN(close, (int __fildes ));
         ^
Info: Compiling pacemakersc.c to obj/default/pacemakersc.o
nios2-elf-gcc -xc -MP -MMD -c -I../pacemaker_bsp/HAL/inc -I../pacemaker_bsp -I../pacemaker_bsp/drivers/inc  -pipe -D__hal__ -DALT_NO_INSTRUCTION_EMULATION -DALT_SINGLE_THREADED    -O0 -g -Wall   -mno-hw-div -mhw-mul -mno-hw-mulx -mgpopt=global  -o obj/default/pacemakersc.o pacemakersc.c
pacemakersc.c:2:1: warning: "/*" within comment [-Wcomment]
 /*****************************************************************************/
 ^
Info: Compiling timers.c to obj/default/timers.o
nios2-elf-gcc -xc -MP -MMD -c -I../pacemaker_bsp/HAL/inc -I../pacemaker_bsp -I../pacemaker_bsp/drivers/inc  -pipe -D__hal__ -DALT_NO_INSTRUCTION_EMULATION -DALT_SINGLE_THREADED    -O0 -g -Wall   -mno-hw-div -mhw-mul -mno-hw-mulx -mgpopt=global  -o obj/default/timers.o timers.c
Info: Compiling uart.c to obj/default/uart.o
nios2-elf-gcc -xc -MP -MMD -c -I../pacemaker_bsp/HAL/inc -I../pacemaker_bsp -I../pacemaker_bsp/drivers/inc  -pipe -D__hal__ -DALT_NO_INSTRUCTION_EMULATION -DALT_SINGLE_THREADED    -O0 -g -Wall   -mno-hw-div -mhw-mul -mno-hw-mulx -mgpopt=global  -o obj/default/uart.o uart.c
uart.c: In function 'checkuart':
uart.c:13:6: warning: implicit declaration of function 'read' [-Wimplicit-function-declaration]
  if (read(uart,byte,1) > 0){
      ^
Info: Linking pacemaker.elf
nios2-elf-g++  -T'../pacemaker_bsp/linker.x' -msys-crt0='../pacemaker_bsp/obj/HAL/src/crt0.o' -msys-lib=hal_bsp -L../pacemaker_bsp   -Wl,-Map=pacemaker.map   -O0 -g -Wall   -mno-hw-div -mhw-mul -mno-hw-mulx -mgpopt=global  -o pacemaker.elf obj/default/main.o obj/default/pacemakersc.o obj/default/timers.o obj/default/uart.o -lm -msys-lib=m
nios2-elf-insert pacemaker.elf --thread_model hal --cpu_name cpu --qsys true --simulation_enabled false --id 308784078 --sidp 0x0 --timestamp 1502336826 --stderr_dev jtag_uart --stdin_dev jtag_uart --stdout_dev jtag_uart --sopc_system_name nios2_system --quartus_project_dir "D:/pacemaker" --sopcinfo D:/pacemaker/nios_workspace/pacemaker_bsp/../../nios2_system.sopcinfo
Info: (pacemaker.elf) 50 KBytes program size (code + initialized data).
Info:                 8134 KBytes free for stack + heap.
Info: Creating pacemaker.objdump
nios2-elf-objdump --disassemble --syms --all-header --source pacemaker.elf >pacemaker.objdump
[pacemaker build complete]
21:16:39 **** Incremental Build of configuration Nios II for project pacemaker ****
make all 
Info: Building ../pacemaker_bsp
C:/intelFPGA/16.1/nios2eds/bin/gnu/H-x86_64-mingw32/bin/make --no-print-directory -C ../pacemaker_bsp
[BSP build complete]
[pacemaker build complete]
13:14:33 **** Build of configuration Nios II for project pacemaker ****
make all 
Info: Building ../pacemaker_bsp
C:/intelFPGA/16.1/nios2eds/bin/gnu/H-x86_64-mingw32/bin/make --no-print-directory -C ../pacemaker_bsp
[BSP build complete]
[pacemaker build complete]
13:14:37 **** Incremental Build of configuration Nios II for project pacemaker ****
make all 
Info: Building ../pacemaker_bsp
C:/intelFPGA/16.1/nios2eds/bin/gnu/H-x86_64-mingw32/bin/make --no-print-directory -C ../pacemaker_bsp
[BSP build complete]
[pacemaker build complete]
13:37:26 **** Build of configuration Nios II for project pacemaker ****
make all 
Info: Building ../pacemaker_bsp
C:/intelFPGA/16.1/nios2eds/bin/gnu/H-x86_64-mingw32/bin/make --no-print-directory -C ../pacemaker_bsp
[BSP build complete]
[pacemaker build complete]
13:37:28 **** Incremental Build of configuration Nios II for project pacemaker ****
make all 
Info: Building ../pacemaker_bsp
C:/intelFPGA/16.1/nios2eds/bin/gnu/H-x86_64-mingw32/bin/make --no-print-directory -C ../pacemaker_bsp
[BSP build complete]
[pacemaker build complete]
