17:26:32 **** Incremental Build of configuration Nios II for project pacemaker ****
make all 
Info: Building ../pacemaker_bsp/
D:/altera_lite/16.0/nios2eds/bin/gnu/H-x86_64-mingw32/bin/make --no-print-directory -C ../pacemaker_bsp/
[BSP build complete]
Info: Compiling main.c to obj/default/main.o
nios2-elf-gcc -xc -MP -MMD -c -I../pacemaker_bsp//HAL/inc -I../pacemaker_bsp/ -I../pacemaker_bsp//drivers/inc  -pipe -D__hal__ -DALT_NO_INSTRUCTION_EMULATION -DALT_SINGLE_THREADED    -O0 -g -Wall   -mno-hw-div -mhw-mul -mno-hw-mulx  -o obj/default/main.o main.c
main.c: In function 'main':
main.c:27:3: warning: implicit declaration of function 'alt_irq_register' [-Wimplicit-function-declaration]
   alt_irq_register(BUTTONS_IRQ, context, button_interrupt);
   ^
Info: Linking pacemaker.elf
nios2-elf-g++  -T'../pacemaker_bsp//linker.x' -msys-crt0='../pacemaker_bsp//obj/HAL/src/crt0.o' -msys-lib=hal_bsp -L../pacemaker_bsp/   -Wl,-Map=pacemaker.map   -O0 -g -Wall   -mno-hw-div -mhw-mul -mno-hw-mulx  -o pacemaker.elf obj/default/main.o obj/default/pacemaker.o -lm -msys-lib=m
nios2-elf-insert pacemaker.elf --thread_model hal --cpu_name cpu --qsys true --simulation_enabled false --id 308784078 --sidp 0x0 --timestamp 1502336826 --stderr_dev jtag_uart --stdin_dev jtag_uart --stdout_dev jtag_uart --sopc_system_name nios2_system --quartus_project_dir "C:/Users/kevin/Desktop/pacemaker" --sopcinfo C:/Users/kevin/Desktop/pacemaker/software/pacemaker_bsp/../../nios2_system.sopcinfo
Info: (pacemaker.elf) 33 KBytes program size (code + initialized data).
Info:                 8152 KBytes free for stack + heap.
Info: Creating pacemaker.objdump
nios2-elf-objdump --disassemble --syms --all-header --source pacemaker.elf >pacemaker.objdump
[pacemaker build complete]

17:26:34 Build Finished (took 1s.391ms)

